#
# There is insufficient memory for the Java Runtime Environment to continue.
# Native memory allocation (mmap) failed to map 13631488 bytes. Error detail: G1 virtual space
# Possible reasons:
#   The system is out of physical RAM or swap space
#   This process is running with CompressedOops enabled, and the Java Heap may be blocking the growth of the native heap
# Possible solutions:
#   Reduce memory load on the system
#   Increase physical memory or swap space
#   Check if swap backing store is full
#   Decrease Java heap size (-Xmx/-Xms)
#   Decrease number of Java threads
#   Decrease Java thread stack sizes (-Xss)
#   Set larger code cache with -XX:ReservedCodeCacheSize=
#   JVM is running with Unscaled Compressed Oops mode in which the Java heap is
#     placed in the first 4GB address space. The Java Heap base address is the
#     maximum limit for the native heap growth. Please use -XX:HeapBaseMinAddress
#     to set the Java Heap base and to place the Java Heap above 4GB virtual address.
# This output file may be truncated or incomplete.
#
#  Out of Memory Error (os_windows.cpp:3898), pid=16184, tid=7888
#
# JRE version: OpenJDK Runtime Environment (21.0.6) (build 21.0.6+-13391695-b895.109)
# Java VM: OpenJDK 64-Bit Server VM (21.0.6+-13391695-b895.109, mixed mode, tiered, compressed oops, compressed class ptrs, g1 gc, windows-amd64)
# No core dump will be written. Minidumps are not enabled by default on client versions of Windows
#

---------------  S U M M A R Y ------------

Command Line: --add-opens=java.base/java.lang=ALL-UNNAMED --add-opens=java.base/java.lang.invoke=ALL-UNNAMED --add-opens=java.base/java.util=ALL-UNNAMED --add-opens=java.prefs/java.util.prefs=ALL-UNNAMED --add-exports=jdk.compiler/com.sun.tools.javac.api=ALL-UNNAMED --add-exports=jdk.compiler/com.sun.tools.javac.util=ALL-UNNAMED --add-opens=java.base/java.util=ALL-UNNAMED --add-opens=java.prefs/java.util.prefs=ALL-UNNAMED --add-opens=java.base/java.nio.charset=ALL-UNNAMED --add-opens=java.base/java.net=ALL-UNNAMED --add-opens=java.base/java.util.concurrent.atomic=ALL-UNNAMED --add-opens=java.xml/javax.xml.namespace=ALL-UNNAMED -Xmx2048m -Dfile.encoding=UTF-8 -Duser.country=US -Duser.language=en -Duser.variant -javaagent:C:\Users\Robin Aluma\.gradle\wrapper\dists\gradle-8.13-bin\5xuhj0ry160q40clulazy9h7d\gradle-8.13\lib\agents\gradle-instrumentation-agent-8.13.jar org.gradle.launcher.daemon.bootstrap.GradleDaemon 8.13

Host: Intel(R) Core(TM) i5-4210U CPU @ 1.70GHz, 4 cores, 7G,  Windows 10 , 64 bit Build 19041 (10.0.19041.5915)
Time: Thu Aug 28 18:44:58 2025 E. Africa Standard Time elapsed time: 42.051200 seconds (0d 0h 0m 42s)

---------------  T H R E A D  ---------------

Current thread (0x00000271e7bc8300):  VMThread "VM Thread"          [id=7888, stack(0x000000ebb5a00000,0x000000ebb5b00000) (1024K)]

Stack: [0x000000ebb5a00000,0x000000ebb5b00000]
Native frames: (J=compiled Java code, j=interpreted, Vv=VM code, C=native code)
V  [jvm.dll+0x6d0639]
V  [jvm.dll+0x85eb03]
V  [jvm.dll+0x86105e]
V  [jvm.dll+0x861743]
V  [jvm.dll+0x27e6e6]
V  [jvm.dll+0x6ccfd5]
V  [jvm.dll+0x6c0a8a]
V  [jvm.dll+0x35537b]
V  [jvm.dll+0x35cfd6]
V  [jvm.dll+0x3aef86]
V  [jvm.dll+0x3af258]
V  [jvm.dll+0x327a2c]
V  [jvm.dll+0x32a436]
V  [jvm.dll+0x33438d]
V  [jvm.dll+0x36ba15]
V  [jvm.dll+0x8674c8]
V  [jvm.dll+0x868844]
V  [jvm.dll+0x868d80]
V  [jvm.dll+0x869013]
V  [jvm.dll+0x806ed8]
V  [jvm.dll+0x6cef0d]
C  [ucrtbase.dll+0x21bb2]
C  [KERNEL32.DLL+0x17374]
C  [ntdll.dll+0x4cc91]

VM_Operation (0x000000ebb55ff3f0): G1PauseRemark, mode: safepoint, requested by thread 0x00000271d0d99e00


---------------  P R O C E S S  ---------------

Threads class SMR info:
_java_thread_list=0x00000271f178d5d0, length=55, elements={
0x00000271ceb93c70, 0x00000271ec0669d0, 0x00000271ec067e80, 0x00000271ec051b00,
0x00000271ec069f90, 0x00000271ec06d190, 0x00000271ec06e380, 0x00000271ec075220,
0x00000271ec075cb0, 0x00000271ec105920, 0x00000271ec323e60, 0x00000271edc4b9b0,
0x00000271ec1088d0, 0x00000271ec2c05a0, 0x00000271ec531ea0, 0x00000271ec532500,
0x00000271ed35ff70, 0x00000271ec3f7b80, 0x00000271ec739670, 0x00000271ec738fe0,
0x00000271ec7382c0, 0x00000271ec736f10, 0x00000271ec73a390, 0x00000271ec739d00,
0x00000271ec7375a0, 0x00000271ec737c30, 0x00000271ec738950, 0x00000271f0681420,
0x00000271f06855c0, 0x00000271f06862e0, 0x00000271f0688a40, 0x00000271f0681ab0,
0x00000271f0684210, 0x00000271f06834f0, 0x00000271f06827d0, 0x00000271f06883b0,
0x00000271f0683b80, 0x00000271f0687000, 0x00000271f06848a0, 0x00000271f0684f30,
0x00000271ef279cd0, 0x00000271ef27b710, 0x00000271ef27a9f0, 0x00000271ef27b080,
0x00000271ef27f220, 0x00000271ef2805d0, 0x00000271ef279640, 0x00000271ef27eb90,
0x00000271ef27d150, 0x00000271ef27d7e0, 0x00000271ef27de70, 0x00000271ef27e500,
0x00000271ef548010, 0x00000271ef5486a0, 0x00000271ef545220
}

Java Threads: ( => current thread )
  0x00000271ceb93c70 JavaThread "main"                              [_thread_blocked, id=16132, stack(0x000000ebb5300000,0x000000ebb5400000) (1024K)]
  0x00000271ec0669d0 JavaThread "Reference Handler"          daemon [_thread_blocked, id=19020, stack(0x000000ebb5b00000,0x000000ebb5c00000) (1024K)]
  0x00000271ec067e80 JavaThread "Finalizer"                  daemon [_thread_blocked, id=112, stack(0x000000ebb5c00000,0x000000ebb5d00000) (1024K)]
  0x00000271ec051b00 JavaThread "Signal Dispatcher"          daemon [_thread_blocked, id=13120, stack(0x000000ebb5d00000,0x000000ebb5e00000) (1024K)]
  0x00000271ec069f90 JavaThread "Attach Listener"            daemon [_thread_blocked, id=13116, stack(0x000000ebb5e00000,0x000000ebb5f00000) (1024K)]
  0x00000271ec06d190 JavaThread "Service Thread"             daemon [_thread_blocked, id=13676, stack(0x000000ebb5f00000,0x000000ebb6000000) (1024K)]
  0x00000271ec06e380 JavaThread "Monitor Deflation Thread"   daemon [_thread_blocked, id=17376, stack(0x000000ebb6000000,0x000000ebb6100000) (1024K)]
  0x00000271ec075220 JavaThread "C2 CompilerThread0"         daemon [_thread_blocked, id=21272, stack(0x000000ebb6100000,0x000000ebb6200000) (1024K)]
  0x00000271ec075cb0 JavaThread "C1 CompilerThread0"         daemon [_thread_blocked, id=2336, stack(0x000000ebb6200000,0x000000ebb6300000) (1024K)]
  0x00000271ec105920 JavaThread "Common-Cleaner"             daemon [_thread_blocked, id=15752, stack(0x000000ebb6300000,0x000000ebb6400000) (1024K)]
  0x00000271ec323e60 JavaThread "Notification Thread"        daemon [_thread_blocked, id=23396, stack(0x000000ebb6400000,0x000000ebb6500000) (1024K)]
  0x00000271edc4b9b0 JavaThread "Daemon health stats"               [_thread_blocked, id=11628, stack(0x000000ebb6700000,0x000000ebb6800000) (1024K)]
  0x00000271ec1088d0 JavaThread "Incoming local TCP Connector on port 63619"        [_thread_in_native, id=20524, stack(0x000000ebb6900000,0x000000ebb6a00000) (1024K)]
  0x00000271ec2c05a0 JavaThread "Daemon periodic checks"            [_thread_blocked, id=13976, stack(0x000000ebb6a00000,0x000000ebb6b00000) (1024K)]
  0x00000271ec531ea0 JavaThread "Daemon"                            [_thread_blocked, id=20960, stack(0x000000ebb6b00000,0x000000ebb6c00000) (1024K)]
  0x00000271ec532500 JavaThread "Handler for socket connection from /127.0.0.1:63619 to /127.0.0.1:63620"        [_thread_in_native, id=23244, stack(0x000000ebb6c00000,0x000000ebb6d00000) (1024K)]
  0x00000271ed35ff70 JavaThread "Cancel handler"                    [_thread_blocked, id=1460, stack(0x000000ebb6d00000,0x000000ebb6e00000) (1024K)]
  0x00000271ec3f7b80 JavaThread "Daemon worker"                     [_thread_blocked, id=20976, stack(0x000000ebb6e00000,0x000000ebb6f00000) (1024K)]
  0x00000271ec739670 JavaThread "Asynchronous log dispatcher for DefaultDaemonConnection: socket connection from /127.0.0.1:63619 to /127.0.0.1:63620"        [_thread_blocked, id=16020, stack(0x000000ebb6f00000,0x000000ebb7000000) (1024K)]
  0x00000271ec738fe0 JavaThread "Stdin handler"                     [_thread_blocked, id=21864, stack(0x000000ebb7000000,0x000000ebb7100000) (1024K)]
  0x00000271ec7382c0 JavaThread "Daemon client event forwarder"        [_thread_blocked, id=24528, stack(0x000000ebb7100000,0x000000ebb7200000) (1024K)]
  0x00000271ec736f10 JavaThread "Cache worker for journal cache (C:\Users\Robin Aluma\.gradle\caches\journal-1)"        [_thread_blocked, id=21104, stack(0x000000ebb7200000,0x000000ebb7300000) (1024K)]
  0x00000271ec73a390 JavaThread "File lock request listener"        [_thread_in_native, id=19824, stack(0x000000ebb7300000,0x000000ebb7400000) (1024K)]
  0x00000271ec739d00 JavaThread "Cache worker for file hash cache (C:\Users\Robin Aluma\.gradle\caches\8.13\fileHashes)"        [_thread_blocked, id=5676, stack(0x000000ebb7400000,0x000000ebb7500000) (1024K)]
  0x00000271ec7375a0 JavaThread "Cache worker for file hash cache (C:\Users\Robin Aluma\AndroidStudioProjects\LandCircle2\.gradle\8.13\fileHashes)"        [_thread_blocked, id=24176, stack(0x000000ebb7500000,0x000000ebb7600000) (1024K)]
  0x00000271ec737c30 JavaThread "Cache worker for Build Output Cleanup Cache (C:\Users\Robin Aluma\AndroidStudioProjects\LandCircle2\.gradle\buildOutputCleanup)"        [_thread_blocked, id=19132, stack(0x000000ebb7600000,0x000000ebb7700000) (1024K)]
  0x00000271ec738950 JavaThread "File watcher server"        daemon [_thread_in_native, id=8252, stack(0x000000ebb7700000,0x000000ebb7800000) (1024K)]
  0x00000271f0681420 JavaThread "File watcher consumer"      daemon [_thread_blocked, id=14500, stack(0x000000ebb7800000,0x000000ebb7900000) (1024K)]
  0x00000271f06855c0 JavaThread "jar transforms"                    [_thread_blocked, id=15516, stack(0x000000ebb7a00000,0x000000ebb7b00000) (1024K)]
  0x00000271f06862e0 JavaThread "jar transforms Thread 2"           [_thread_blocked, id=4912, stack(0x000000ebb7b00000,0x000000ebb7c00000) (1024K)]
  0x00000271f0688a40 JavaThread "jar transforms Thread 3"           [_thread_blocked, id=13904, stack(0x000000ebb7c00000,0x000000ebb7d00000) (1024K)]
  0x00000271f0681ab0 JavaThread "jar transforms Thread 4"           [_thread_blocked, id=11536, stack(0x000000ebb7d00000,0x000000ebb7e00000) (1024K)]
  0x00000271f0684210 JavaThread "Cache worker for checksums cache (C:\Users\Robin Aluma\AndroidStudioProjects\LandCircle2\.gradle\8.13\checksums)"        [_thread_blocked, id=12240, stack(0x000000ebb7e00000,0x000000ebb7f00000) (1024K)]
  0x00000271f06834f0 JavaThread "Cache worker for file content cache (C:\Users\Robin Aluma\.gradle\caches\8.13\fileContent)"        [_thread_blocked, id=1160, stack(0x000000ebb7f00000,0x000000ebb8000000) (1024K)]
  0x00000271f06827d0 JavaThread "Cache worker for cache directory md-supplier (C:\Users\Robin Aluma\.gradle\caches\8.13\md-supplier)"        [_thread_blocked, id=19368, stack(0x000000ebb8000000,0x000000ebb8100000) (1024K)]
  0x00000271f06883b0 JavaThread "Cache worker for cache directory md-rule (C:\Users\Robin Aluma\.gradle\caches\8.13\md-rule)"        [_thread_blocked, id=23348, stack(0x000000ebb8100000,0x000000ebb8200000) (1024K)]
  0x00000271f0683b80 JavaThread "Unconstrained build operations"        [_thread_blocked, id=13960, stack(0x000000ebb8200000,0x000000ebb8300000) (1024K)]
  0x00000271f0687000 JavaThread "Unconstrained build operations Thread 2"        [_thread_blocked, id=6568, stack(0x000000ebb8300000,0x000000ebb8400000) (1024K)]
  0x00000271f06848a0 JavaThread "Unconstrained build operations Thread 3"        [_thread_blocked, id=20896, stack(0x000000ebb8400000,0x000000ebb8500000) (1024K)]
  0x00000271f0684f30 JavaThread "Unconstrained build operations Thread 4"        [_thread_blocked, id=9232, stack(0x000000ebb8500000,0x000000ebb8600000) (1024K)]
  0x00000271ef279cd0 JavaThread "Unconstrained build operations Thread 5"        [_thread_blocked, id=17284, stack(0x000000ebb8600000,0x000000ebb8700000) (1024K)]
  0x00000271ef27b710 JavaThread "Unconstrained build operations Thread 6"        [_thread_blocked, id=16480, stack(0x000000ebb8700000,0x000000ebb8800000) (1024K)]
  0x00000271ef27a9f0 JavaThread "Unconstrained build operations Thread 7"        [_thread_blocked, id=13244, stack(0x000000ebb8800000,0x000000ebb8900000) (1024K)]
  0x00000271ef27b080 JavaThread "Unconstrained build operations Thread 8"        [_thread_blocked, id=16412, stack(0x000000ebb8900000,0x000000ebb8a00000) (1024K)]
  0x00000271ef27f220 JavaThread "Unconstrained build operations Thread 9"        [_thread_blocked, id=22316, stack(0x000000ebb8a00000,0x000000ebb8b00000) (1024K)]
  0x00000271ef2805d0 JavaThread "Unconstrained build operations Thread 10"        [_thread_blocked, id=22904, stack(0x000000ebb8b00000,0x000000ebb8c00000) (1024K)]
  0x00000271ef279640 JavaThread "Unconstrained build operations Thread 11"        [_thread_blocked, id=444, stack(0x000000ebb7900000,0x000000ebb7a00000) (1024K)]
  0x00000271ef27eb90 JavaThread "Unconstrained build operations Thread 12"        [_thread_blocked, id=22608, stack(0x000000ebb8d00000,0x000000ebb8e00000) (1024K)]
  0x00000271ef27d150 JavaThread "Unconstrained build operations Thread 13"        [_thread_blocked, id=19172, stack(0x000000ebb8e00000,0x000000ebb8f00000) (1024K)]
  0x00000271ef27d7e0 JavaThread "Unconstrained build operations Thread 14"        [_thread_blocked, id=20316, stack(0x000000ebb8f00000,0x000000ebb9000000) (1024K)]
  0x00000271ef27de70 JavaThread "Unconstrained build operations Thread 15"        [_thread_blocked, id=12040, stack(0x000000ebb9000000,0x000000ebb9100000) (1024K)]
  0x00000271ef27e500 JavaThread "Unconstrained build operations Thread 16"        [_thread_blocked, id=12012, stack(0x000000ebb9100000,0x000000ebb9200000) (1024K)]
  0x00000271ef548010 JavaThread "Unconstrained build operations Thread 17"        [_thread_blocked, id=16600, stack(0x000000ebb9300000,0x000000ebb9400000) (1024K)]
  0x00000271ef5486a0 JavaThread "Unconstrained build operations Thread 18"        [_thread_blocked, id=15024, stack(0x000000ebb9400000,0x000000ebb9500000) (1024K)]
  0x00000271ef545220 JavaThread "Unconstrained build operations Thread 19"        [_thread_blocked, id=10476, stack(0x000000ebb9500000,0x000000ebb9600000) (1024K)]
Total: 55

Other Threads:
=>0x00000271e7bc8300 VMThread "VM Thread"                           [id=7888, stack(0x000000ebb5a00000,0x000000ebb5b00000) (1024K)]
  0x00000271e7b336d0 WatcherThread "VM Periodic Task Thread"        [id=14628, stack(0x000000ebb5900000,0x000000ebb5a00000) (1024K)]
  0x00000271d0d88da0 WorkerThread "GC Thread#0"                     [id=15136, stack(0x000000ebb5400000,0x000000ebb5500000) (1024K)]
  0x00000271ec3aefd0 WorkerThread "GC Thread#1"                     [id=18948, stack(0x000000ebb6500000,0x000000ebb6600000) (1024K)]
  0x00000271ec3d7590 WorkerThread "GC Thread#2"                     [id=23776, stack(0x000000ebb6600000,0x000000ebb6700000) (1024K)]
  0x00000271ed0123e0 WorkerThread "GC Thread#3"                     [id=10296, stack(0x000000ebb6800000,0x000000ebb6900000) (1024K)]
  0x00000271d0d99e00 ConcurrentGCThread "G1 Main Marker"            [id=14860, stack(0x000000ebb5500000,0x000000ebb5600000) (1024K)]
  0x00000271d0d9a810 WorkerThread "G1 Conc#0"                       [id=15384, stack(0x000000ebb5600000,0x000000ebb5700000) (1024K)]
  0x00000271e79fa500 ConcurrentGCThread "G1 Refine#0"               [id=20228, stack(0x000000ebb5700000,0x000000ebb5800000) (1024K)]
  0x00000271e79fad20 ConcurrentGCThread "G1 Service"                [id=14428, stack(0x000000ebb5800000,0x000000ebb5900000) (1024K)]
Total: 10

Threads with active compile tasks:
Total: 0

VM state: at safepoint (normal execution)

VM Mutex/Monitor currently owned by a thread:  ([mutex/lock_event])
[0x00007ff99d55e3a0] Threads_lock - owner thread: 0x00000271e7bc8300
[0x00007ff99d55e4a0] Heap_lock - owner thread: 0x00000271d0d99e00

Heap address: 0x0000000080000000, size: 2048 MB, Compressed Oops mode: 32-bit

CDS archive(s) not mapped
Compressed class space mapped at: 0x0000000100000000-0x0000000140000000, reserved size: 1073741824
Narrow klass base: 0x0000000000000000, Narrow klass shift: 3, Narrow klass range: 0x140000000

GC Precious Log:
 CardTable entry size: 512
 Card Set container configuration: InlinePtr #cards 5 size 8 Array Of Cards #cards 12 size 40 Howl #buckets 4 coarsen threshold 1843 Howl Bitmap #cards 512 size 80 coarsen threshold 460 Card regions per heap region 1 cards per card region 2048
 CPUs: 4 total, 4 available
 Memory: 8064M
 Large Page Support: Disabled
 NUMA Support: Disabled
 Compressed Oops: Enabled (32-bit)
 Heap Region Size: 1M
 Heap Min Capacity: 8M
 Heap Initial Capacity: 128M
 Heap Max Capacity: 2G
 Pre-touch: Disabled
 Parallel Workers: 4
 Concurrent Workers: 1
 Concurrent Refinement Workers: 4
 Periodic GC: Disabled

Heap:
 garbage-first heap   total 186368K, used 121090K [0x0000000080000000, 0x0000000100000000)
  region size 1024K, 10 young (10240K), 7 survivors (7168K)
 Metaspace       used 96033K, committed 98048K, reserved 1179648K
  class space    used 13286K, committed 14272K, reserved 1048576K

Heap Regions: E=young(eden), S=young(survivor), O=old, HS=humongous(starts), HC=humongous(continues), CS=collection set, F=free, TAMS=top-at-mark-start, PB=parsable bottom
|   0|0x0000000080000000, 0x0000000080100000, 0x0000000080100000|100%|HS|  |TAMS 0x0000000080100000| PB 0x0000000080000000| Complete 
|   1|0x0000000080100000, 0x0000000080200000, 0x0000000080200000|100%|HC|  |TAMS 0x0000000080200000| PB 0x0000000080100000| Complete 
|   2|0x0000000080200000, 0x0000000080300000, 0x0000000080300000|100%|HC|  |TAMS 0x0000000080300000| PB 0x0000000080200000| Complete 
|   3|0x0000000080300000, 0x0000000080400000, 0x0000000080400000|100%| O|  |TAMS 0x0000000080400000| PB 0x0000000080400000| Untracked 
|   4|0x0000000080400000, 0x0000000080500000, 0x0000000080500000|100%| O|  |TAMS 0x0000000080500000| PB 0x0000000080500000| Untracked 
|   5|0x0000000080500000, 0x0000000080600000, 0x0000000080600000|100%| O|  |TAMS 0x0000000080600000| PB 0x0000000080600000| Untracked 
|   6|0x0000000080600000, 0x0000000080700000, 0x0000000080700000|100%| O|  |TAMS 0x0000000080700000| PB 0x0000000080700000| Untracked 
|   7|0x0000000080700000, 0x0000000080800000, 0x0000000080800000|100%|HS|  |TAMS 0x0000000080800000| PB 0x0000000080700000| Complete 
|   8|0x0000000080800000, 0x0000000080900000, 0x0000000080900000|100%| O|  |TAMS 0x0000000080900000| PB 0x0000000080900000| Untracked 
|   9|0x0000000080900000, 0x0000000080a00000, 0x0000000080a00000|100%| O|  |TAMS 0x0000000080a00000| PB 0x0000000080a00000| Untracked 
|  10|0x0000000080a00000, 0x0000000080b00000, 0x0000000080b00000|100%| O|  |TAMS 0x0000000080b00000| PB 0x0000000080b00000| Untracked 
|  11|0x0000000080b00000, 0x0000000080c00000, 0x0000000080c00000|100%| O|  |TAMS 0x0000000080c00000| PB 0x0000000080c00000| Untracked 
|  12|0x0000000080c00000, 0x0000000080d00000, 0x0000000080d00000|100%| O|  |TAMS 0x0000000080d00000| PB 0x0000000080d00000| Untracked 
|  13|0x0000000080d00000, 0x0000000080e00000, 0x0000000080e00000|100%| O|  |TAMS 0x0000000080e00000| PB 0x0000000080e00000| Untracked 
|  14|0x0000000080e00000, 0x0000000080f00000, 0x0000000080f00000|100%| O|  |TAMS 0x0000000080f00000| PB 0x0000000080f00000| Untracked 
|  15|0x0000000080f00000, 0x0000000081000000, 0x0000000081000000|100%| O|  |TAMS 0x0000000081000000| PB 0x0000000081000000| Untracked 
|  16|0x0000000081000000, 0x0000000081100000, 0x0000000081100000|100%| O|  |TAMS 0x0000000081100000| PB 0x0000000081100000| Untracked 
|  17|0x0000000081100000, 0x0000000081200000, 0x0000000081200000|100%| O|  |TAMS 0x0000000081200000| PB 0x0000000081200000| Untracked 
|  18|0x0000000081200000, 0x0000000081300000, 0x0000000081300000|100%| O|  |TAMS 0x0000000081300000| PB 0x0000000081300000| Untracked 
|  19|0x0000000081300000, 0x0000000081400000, 0x0000000081400000|100%| O|  |TAMS 0x0000000081400000| PB 0x0000000081400000| Untracked 
|  20|0x0000000081400000, 0x0000000081500000, 0x0000000081500000|100%| O|  |TAMS 0x0000000081500000| PB 0x0000000081500000| Untracked 
|  21|0x0000000081500000, 0x0000000081600000, 0x0000000081600000|100%| O|  |TAMS 0x0000000081600000| PB 0x0000000081600000| Untracked 
|  22|0x0000000081600000, 0x0000000081700000, 0x0000000081700000|100%| O|  |TAMS 0x0000000081700000| PB 0x0000000081700000| Untracked 
|  23|0x0000000081700000, 0x0000000081800000, 0x0000000081800000|100%| O|  |TAMS 0x0000000081800000| PB 0x0000000081800000| Untracked 
|  24|0x0000000081800000, 0x0000000081900000, 0x0000000081900000|100%|HS|  |TAMS 0x0000000081900000| PB 0x0000000081800000| Complete 
|  25|0x0000000081900000, 0x0000000081a00000, 0x0000000081a00000|100%|HC|  |TAMS 0x0000000081a00000| PB 0x0000000081900000| Complete 
|  26|0x0000000081a00000, 0x0000000081b00000, 0x0000000081b00000|100%|HC|  |TAMS 0x0000000081b00000| PB 0x0000000081a00000| Complete 
|  27|0x0000000081b00000, 0x0000000081c00000, 0x0000000081c00000|100%|HC|  |TAMS 0x0000000081c00000| PB 0x0000000081b00000| Complete 
|  28|0x0000000081c00000, 0x0000000081d00000, 0x0000000081d00000|100%|HC|  |TAMS 0x0000000081d00000| PB 0x0000000081c00000| Complete 
|  29|0x0000000081d00000, 0x0000000081e00000, 0x0000000081e00000|100%|HC|  |TAMS 0x0000000081e00000| PB 0x0000000081d00000| Complete 
|  30|0x0000000081e00000, 0x0000000081f00000, 0x0000000081f00000|100%|HS|  |TAMS 0x0000000081f00000| PB 0x0000000081e00000| Complete 
|  31|0x0000000081f00000, 0x0000000082000000, 0x0000000082000000|100%|HS|  |TAMS 0x0000000082000000| PB 0x0000000081f00000| Complete 
|  32|0x0000000082000000, 0x0000000082100000, 0x0000000082100000|100%|HC|  |TAMS 0x0000000082100000| PB 0x0000000082000000| Complete 
|  33|0x0000000082100000, 0x0000000082200000, 0x0000000082200000|100%|HC|  |TAMS 0x0000000082200000| PB 0x0000000082100000| Complete 
|  34|0x0000000082200000, 0x0000000082300000, 0x0000000082300000|100%|HC|  |TAMS 0x0000000082300000| PB 0x0000000082200000| Complete 
|  35|0x0000000082300000, 0x0000000082400000, 0x0000000082400000|100%|HS|  |TAMS 0x0000000082400000| PB 0x0000000082300000| Complete 
|  36|0x0000000082400000, 0x0000000082500000, 0x0000000082500000|100%|HC|  |TAMS 0x0000000082500000| PB 0x0000000082400000| Complete 
|  37|0x0000000082500000, 0x0000000082600000, 0x0000000082600000|100%| O|  |TAMS 0x0000000082600000| PB 0x0000000082600000| Updating 
|  38|0x0000000082600000, 0x0000000082700000, 0x0000000082700000|100%|HS|  |TAMS 0x0000000082700000| PB 0x0000000082600000| Complete 
|  39|0x0000000082700000, 0x0000000082800000, 0x0000000082800000|100%|HS|  |TAMS 0x0000000082800000| PB 0x0000000082700000| Complete 
|  40|0x0000000082800000, 0x0000000082900000, 0x0000000082900000|100%|HC|  |TAMS 0x0000000082900000| PB 0x0000000082800000| Complete 
|  41|0x0000000082900000, 0x0000000082a00000, 0x0000000082a00000|100%|HC|  |TAMS 0x0000000082a00000| PB 0x0000000082900000| Complete 
|  42|0x0000000082a00000, 0x0000000082b00000, 0x0000000082b00000|100%|HC|  |TAMS 0x0000000082b00000| PB 0x0000000082a00000| Complete 
|  43|0x0000000082b00000, 0x0000000082c00000, 0x0000000082c00000|100%|HC|  |TAMS 0x0000000082c00000| PB 0x0000000082b00000| Complete 
|  44|0x0000000082c00000, 0x0000000082d00000, 0x0000000082d00000|100%|HC|  |TAMS 0x0000000082d00000| PB 0x0000000082c00000| Complete 
|  45|0x0000000082d00000, 0x0000000082e00000, 0x0000000082e00000|100%|HS|  |TAMS 0x0000000082e00000| PB 0x0000000082d00000| Complete 
|  46|0x0000000082e00000, 0x0000000082f00000, 0x0000000082f00000|100%|HS|  |TAMS 0x0000000082f00000| PB 0x0000000082e00000| Complete 
|  47|0x0000000082f00000, 0x0000000083000000, 0x0000000083000000|100%|HC|  |TAMS 0x0000000083000000| PB 0x0000000082f00000| Complete 
|  48|0x0000000083000000, 0x0000000083100000, 0x0000000083100000|100%|HC|  |TAMS 0x0000000083100000| PB 0x0000000083000000| Complete 
|  49|0x0000000083100000, 0x0000000083200000, 0x0000000083200000|100%|HC|  |TAMS 0x0000000083200000| PB 0x0000000083100000| Complete 
|  50|0x0000000083200000, 0x0000000083300000, 0x0000000083300000|100%|HS|  |TAMS 0x0000000083300000| PB 0x0000000083200000| Complete 
|  51|0x0000000083300000, 0x0000000083400000, 0x0000000083400000|100%|HC|  |TAMS 0x0000000083400000| PB 0x0000000083300000| Complete 
|  52|0x0000000083400000, 0x0000000083500000, 0x0000000083500000|100%|HS|  |TAMS 0x0000000083500000| PB 0x0000000083400000| Complete 
|  53|0x0000000083500000, 0x0000000083600000, 0x0000000083600000|100%| O|  |TAMS 0x0000000083600000| PB 0x0000000083600000| Untracked 
|  54|0x0000000083600000, 0x0000000083700000, 0x0000000083700000|100%| O|  |TAMS 0x0000000083700000| PB 0x0000000083700000| Untracked 
|  55|0x0000000083700000, 0x0000000083800000, 0x0000000083800000|100%| O|  |TAMS 0x0000000083800000| PB 0x0000000083800000| Updating 
|  56|0x0000000083800000, 0x0000000083900000, 0x0000000083900000|100%| O|  |TAMS 0x0000000083900000| PB 0x0000000083900000| Untracked 
|  57|0x0000000083900000, 0x0000000083a00000, 0x0000000083a00000|100%| O|  |TAMS 0x0000000083a00000| PB 0x0000000083a00000| Updating 
|  58|0x0000000083a00000, 0x0000000083b00000, 0x0000000083b00000|100%| O|  |TAMS 0x0000000083b00000| PB 0x0000000083b00000| Untracked 
|  59|0x0000000083b00000, 0x0000000083c00000, 0x0000000083c00000|100%| O|  |TAMS 0x0000000083c00000| PB 0x0000000083c00000| Untracked 
|  60|0x0000000083c00000, 0x0000000083d00000, 0x0000000083d00000|100%| O|  |TAMS 0x0000000083d00000| PB 0x0000000083d00000| Untracked 
|  61|0x0000000083d00000, 0x0000000083e00000, 0x0000000083e00000|100%| O|  |TAMS 0x0000000083e00000| PB 0x0000000083e00000| Untracked 
|  62|0x0000000083e00000, 0x0000000083f00000, 0x0000000083f00000|100%| O|  |TAMS 0x0000000083f00000| PB 0x0000000083f00000| Untracked 
|  63|0x0000000083f00000, 0x0000000084000000, 0x0000000084000000|100%| O|  |TAMS 0x0000000084000000| PB 0x0000000084000000| Untracked 
|  64|0x0000000084000000, 0x0000000084100000, 0x0000000084100000|100%| O|  |TAMS 0x0000000084100000| PB 0x0000000084100000| Untracked 
|  65|0x0000000084100000, 0x0000000084200000, 0x0000000084200000|100%| O|  |TAMS 0x0000000084200000| PB 0x0000000084200000| Updating 
|  66|0x0000000084200000, 0x0000000084300000, 0x0000000084300000|100%|HS|  |TAMS 0x0000000084300000| PB 0x0000000084200000| Complete 
|  67|0x0000000084300000, 0x0000000084400000, 0x0000000084400000|100%|HC|  |TAMS 0x0000000084400000| PB 0x0000000084300000| Complete 
|  68|0x0000000084400000, 0x0000000084500000, 0x0000000084500000|100%| O|  |TAMS 0x0000000084500000| PB 0x0000000084500000| Updating 
|  69|0x0000000084500000, 0x0000000084600000, 0x0000000084600000|100%| O|  |TAMS 0x0000000084600000| PB 0x0000000084600000| Updating 
|  70|0x0000000084600000, 0x0000000084700000, 0x0000000084700000|100%| O|  |TAMS 0x0000000084700000| PB 0x0000000084700000| Updating 
|  71|0x0000000084700000, 0x0000000084800000, 0x0000000084800000|100%| O|  |TAMS 0x0000000084800000| PB 0x0000000084800000| Untracked 
|  72|0x0000000084800000, 0x0000000084900000, 0x0000000084900000|100%| O|  |TAMS 0x0000000084900000| PB 0x0000000084900000| Updating 
|  73|0x0000000084900000, 0x0000000084a00000, 0x0000000084a00000|100%|HS|  |TAMS 0x0000000084a00000| PB 0x0000000084900000| Complete 
|  74|0x0000000084a00000, 0x0000000084b00000, 0x0000000084b00000|100%|HC|  |TAMS 0x0000000084b00000| PB 0x0000000084a00000| Complete 
|  75|0x0000000084b00000, 0x0000000084c00000, 0x0000000084c00000|100%|HC|  |TAMS 0x0000000084c00000| PB 0x0000000084b00000| Complete 
|  76|0x0000000084c00000, 0x0000000084d00000, 0x0000000084d00000|100%|HC|  |TAMS 0x0000000084d00000| PB 0x0000000084c00000| Complete 
|  77|0x0000000084d00000, 0x0000000084e00000, 0x0000000084e00000|100%|HC|  |TAMS 0x0000000084e00000| PB 0x0000000084d00000| Complete 
|  78|0x0000000084e00000, 0x0000000084f00000, 0x0000000084f00000|100%|HC|  |TAMS 0x0000000084f00000| PB 0x0000000084e00000| Complete 
|  79|0x0000000084f00000, 0x0000000085000000, 0x0000000085000000|100%|HS|  |TAMS 0x0000000085000000| PB 0x0000000084f00000| Complete 
|  80|0x0000000085000000, 0x0000000085100000, 0x0000000085100000|100%| O|  |TAMS 0x0000000085100000| PB 0x0000000085100000| Updating 
|  81|0x0000000085100000, 0x0000000085200000, 0x0000000085200000|100%| O|  |TAMS 0x0000000085100000| PB 0x0000000085100000| Untracked 
|  82|0x0000000085200000, 0x0000000085300000, 0x0000000085300000|100%| O|  |TAMS 0x0000000085300000| PB 0x0000000085300000| Updating 
|  83|0x0000000085300000, 0x0000000085400000, 0x0000000085400000|100%| O|  |TAMS 0x0000000085400000| PB 0x0000000085400000| Updating 
|  84|0x0000000085400000, 0x00000000854bdba0, 0x0000000085500000| 74%| O|  |TAMS 0x0000000085400000| PB 0x0000000085400000| Updating 
|  85|0x0000000085500000, 0x0000000085600000, 0x0000000085600000|100%|HS|  |TAMS 0x0000000085600000| PB 0x0000000085500000| Complete 
|  86|0x0000000085600000, 0x0000000085700000, 0x0000000085700000|100%|HC|  |TAMS 0x0000000085700000| PB 0x0000000085600000| Complete 
|  87|0x0000000085700000, 0x0000000085800000, 0x0000000085800000|100%|HC|  |TAMS 0x0000000085800000| PB 0x0000000085700000| Complete 
|  88|0x0000000085800000, 0x0000000085900000, 0x0000000085900000|100%|HC|  |TAMS 0x0000000085900000| PB 0x0000000085800000| Complete 
|  89|0x0000000085900000, 0x0000000085a00000, 0x0000000085a00000|100%|HC|  |TAMS 0x0000000085a00000| PB 0x0000000085900000| Complete 
|  90|0x0000000085a00000, 0x0000000085b00000, 0x0000000085b00000|100%|HC|  |TAMS 0x0000000085b00000| PB 0x0000000085a00000| Complete 
|  91|0x0000000085b00000, 0x0000000085c00000, 0x0000000085c00000|100%|HS|  |TAMS 0x0000000085c00000| PB 0x0000000085b00000| Complete 
|  92|0x0000000085c00000, 0x0000000085d00000, 0x0000000085d00000|100%| O|  |TAMS 0x0000000085d00000| PB 0x0000000085d00000| Updating 
|  93|0x0000000085d00000, 0x0000000085e00000, 0x0000000085e00000|100%| O|  |TAMS 0x0000000085e00000| PB 0x0000000085e00000| Untracked 
|  94|0x0000000085e00000, 0x0000000085f00000, 0x0000000085f00000|100%| O|  |TAMS 0x0000000085f00000| PB 0x0000000085f00000| Updating 
|  95|0x0000000085f00000, 0x0000000086000000, 0x0000000086000000|100%| O|  |TAMS 0x0000000086000000| PB 0x0000000086000000| Untracked 
|  96|0x0000000086000000, 0x0000000086100000, 0x0000000086100000|100%| O|  |TAMS 0x0000000086100000| PB 0x0000000086100000| Untracked 
|  97|0x0000000086100000, 0x0000000086200000, 0x0000000086200000|100%| O|  |TAMS 0x0000000086200000| PB 0x0000000086200000| Untracked 
|  98|0x0000000086200000, 0x0000000086300000, 0x0000000086300000|100%| O|  |TAMS 0x0000000086300000| PB 0x0000000086300000| Untracked 
|  99|0x0000000086300000, 0x0000000086400000, 0x0000000086400000|100%| O|  |TAMS 0x0000000086400000| PB 0x0000000086400000| Updating 
| 100|0x0000000086400000, 0x0000000086400000, 0x0000000086500000|  0%| F|  |TAMS 0x0000000086400000| PB 0x0000000086400000| Untracked 
| 101|0x0000000086500000, 0x0000000086500000, 0x0000000086600000|  0%| F|  |TAMS 0x0000000086500000| PB 0x0000000086500000| Untracked 
| 102|0x0000000086600000, 0x0000000086600000, 0x0000000086700000|  0%| F|  |TAMS 0x0000000086600000| PB 0x0000000086600000| Untracked 
| 103|0x0000000086700000, 0x0000000086700000, 0x0000000086800000|  0%| F|  |TAMS 0x0000000086700000| PB 0x0000000086700000| Untracked 
| 104|0x0000000086800000, 0x0000000086800000, 0x0000000086900000|  0%| F|  |TAMS 0x0000000086800000| PB 0x0000000086800000| Untracked 
| 105|0x0000000086900000, 0x0000000086a00000, 0x0000000086a00000|100%| O|  |TAMS 0x0000000086a00000| PB 0x0000000086a00000| Untracked 
| 106|0x0000000086a00000, 0x0000000086b00000, 0x0000000086b00000|100%| O|  |TAMS 0x0000000086b00000| PB 0x0000000086b00000| Untracked 
| 107|0x0000000086b00000, 0x0000000086c00000, 0x0000000086c00000|100%| O|  |TAMS 0x0000000086c00000| PB 0x0000000086c00000| Untracked 
| 108|0x0000000086c00000, 0x0000000086d00000, 0x0000000086d00000|100%| O|  |TAMS 0x0000000086d00000| PB 0x0000000086d00000| Untracked 
| 109|0x0000000086d00000, 0x0000000086e00000, 0x0000000086e00000|100%| O|  |TAMS 0x0000000086e00000| PB 0x0000000086e00000| Updating 
| 110|0x0000000086e00000, 0x0000000086e00000, 0x0000000086f00000|  0%| F|  |TAMS 0x0000000086e00000| PB 0x0000000086e00000| Untracked 
| 111|0x0000000086f00000, 0x0000000086f00000, 0x0000000087000000|  0%| F|  |TAMS 0x0000000086f00000| PB 0x0000000086f00000| Untracked 
| 112|0x0000000087000000, 0x0000000087000000, 0x0000000087100000|  0%| F|  |TAMS 0x0000000087000000| PB 0x0000000087000000| Untracked 
| 113|0x0000000087100000, 0x0000000087100000, 0x0000000087200000|  0%| F|  |TAMS 0x0000000087100000| PB 0x0000000087100000| Untracked 
| 114|0x0000000087200000, 0x0000000087200000, 0x0000000087300000|  0%| F|  |TAMS 0x0000000087200000| PB 0x0000000087200000| Untracked 
| 115|0x0000000087300000, 0x0000000087300000, 0x0000000087400000|  0%| F|  |TAMS 0x0000000087300000| PB 0x0000000087300000| Untracked 
| 116|0x0000000087400000, 0x0000000087400000, 0x0000000087500000|  0%| F|  |TAMS 0x0000000087400000| PB 0x0000000087400000| Untracked 
| 117|0x0000000087500000, 0x0000000087500000, 0x0000000087600000|  0%| F|  |TAMS 0x0000000087500000| PB 0x0000000087500000| Untracked 
| 118|0x0000000087600000, 0x0000000087682dc0, 0x0000000087700000| 51%| S|CS|TAMS 0x0000000087600000| PB 0x0000000087600000| Complete 
| 119|0x0000000087700000, 0x0000000087800000, 0x0000000087800000|100%| S|CS|TAMS 0x0000000087700000| PB 0x0000000087700000| Complete 
| 120|0x0000000087800000, 0x0000000087900000, 0x0000000087900000|100%| S|CS|TAMS 0x0000000087800000| PB 0x0000000087800000| Complete 
| 121|0x0000000087900000, 0x0000000087a00000, 0x0000000087a00000|100%| S|CS|TAMS 0x0000000087900000| PB 0x0000000087900000| Complete 
| 122|0x0000000087a00000, 0x0000000087b00000, 0x0000000087b00000|100%| S|CS|TAMS 0x0000000087a00000| PB 0x0000000087a00000| Complete 
| 123|0x0000000087b00000, 0x0000000087c00000, 0x0000000087c00000|100%| S|CS|TAMS 0x0000000087b00000| PB 0x0000000087b00000| Complete 
| 124|0x0000000087c00000, 0x0000000087d00000, 0x0000000087d00000|100%| S|CS|TAMS 0x0000000087c00000| PB 0x0000000087c00000| Complete 
| 125|0x0000000087d00000, 0x0000000087d00000, 0x0000000087e00000|  0%| F|  |TAMS 0x0000000087d00000| PB 0x0000000087d00000| Untracked 
| 126|0x0000000087e00000, 0x0000000087e00000, 0x0000000087f00000|  0%| F|  |TAMS 0x0000000087e00000| PB 0x0000000087e00000| Untracked 
| 127|0x0000000087f00000, 0x0000000087f00000, 0x0000000088000000|  0%| F|  |TAMS 0x0000000087f00000| PB 0x0000000087f00000| Untracked 
| 128|0x0000000088000000, 0x0000000088000000, 0x0000000088100000|  0%| F|  |TAMS 0x0000000088000000| PB 0x0000000088000000| Untracked 
| 129|0x0000000088100000, 0x0000000088100000, 0x0000000088200000|  0%| F|  |TAMS 0x0000000088100000| PB 0x0000000088100000| Untracked 
| 130|0x0000000088200000, 0x0000000088200000, 0x0000000088300000|  0%| F|  |TAMS 0x0000000088200000| PB 0x0000000088200000| Untracked 
| 131|0x0000000088300000, 0x0000000088300000, 0x0000000088400000|  0%| F|  |TAMS 0x0000000088300000| PB 0x0000000088300000| Untracked 
| 132|0x0000000088400000, 0x0000000088400000, 0x0000000088500000|  0%| F|  |TAMS 0x0000000088400000| PB 0x0000000088400000| Untracked 
| 133|0x0000000088500000, 0x0000000088500000, 0x0000000088600000|  0%| F|  |TAMS 0x0000000088500000| PB 0x0000000088500000| Untracked 
| 134|0x0000000088600000, 0x0000000088600000, 0x0000000088700000|  0%| F|  |TAMS 0x0000000088600000| PB 0x0000000088600000| Untracked 
| 135|0x0000000088700000, 0x0000000088700000, 0x0000000088800000|  0%| F|  |TAMS 0x0000000088700000| PB 0x0000000088700000| Untracked 
| 136|0x0000000088800000, 0x0000000088800000, 0x0000000088900000|  0%| F|  |TAMS 0x0000000088800000| PB 0x0000000088800000| Untracked 
| 137|0x0000000088900000, 0x0000000088900000, 0x0000000088a00000|  0%| F|  |TAMS 0x0000000088900000| PB 0x0000000088900000| Untracked 
| 138|0x0000000088a00000, 0x0000000088a00000, 0x0000000088b00000|  0%| F|  |TAMS 0x0000000088a00000| PB 0x0000000088a00000| Untracked 
| 139|0x0000000088b00000, 0x0000000088b00000, 0x0000000088c00000|  0%| F|  |TAMS 0x0000000088b00000| PB 0x0000000088b00000| Untracked 
| 140|0x0000000088c00000, 0x0000000088c00000, 0x0000000088d00000|  0%| F|  |TAMS 0x0000000088c00000| PB 0x0000000088c00000| Untracked 
| 141|0x0000000088d00000, 0x0000000088d00000, 0x0000000088e00000|  0%| F|  |TAMS 0x0000000088d00000| PB 0x0000000088d00000| Untracked 
| 142|0x0000000088e00000, 0x0000000088e00000, 0x0000000088f00000|  0%| F|  |TAMS 0x0000000088e00000| PB 0x0000000088e00000| Untracked 
| 143|0x0000000088f00000, 0x0000000088f00000, 0x0000000089000000|  0%| F|  |TAMS 0x0000000088f00000| PB 0x0000000088f00000| Untracked 
| 144|0x0000000089000000, 0x0000000089000000, 0x0000000089100000|  0%| F|  |TAMS 0x0000000089000000| PB 0x0000000089000000| Untracked 
| 145|0x0000000089100000, 0x0000000089100000, 0x0000000089200000|  0%| F|  |TAMS 0x0000000089100000| PB 0x0000000089100000| Untracked 
| 146|0x0000000089200000, 0x0000000089200000, 0x0000000089300000|  0%| F|  |TAMS 0x0000000089200000| PB 0x0000000089200000| Untracked 
| 147|0x0000000089300000, 0x0000000089300000, 0x0000000089400000|  0%| F|  |TAMS 0x0000000089300000| PB 0x0000000089300000| Untracked 
| 148|0x0000000089400000, 0x0000000089400000, 0x0000000089500000|  0%| F|  |TAMS 0x0000000089400000| PB 0x0000000089400000| Untracked 
| 149|0x0000000089500000, 0x0000000089500000, 0x0000000089600000|  0%| F|  |TAMS 0x0000000089500000| PB 0x0000000089500000| Untracked 
| 150|0x0000000089600000, 0x0000000089600000, 0x0000000089700000|  0%| F|  |TAMS 0x0000000089600000| PB 0x0000000089600000| Untracked 
| 151|0x0000000089700000, 0x0000000089700000, 0x0000000089800000|  0%| F|  |TAMS 0x0000000089700000| PB 0x0000000089700000| Untracked 
| 152|0x0000000089800000, 0x0000000089800000, 0x0000000089900000|  0%| F|  |TAMS 0x0000000089800000| PB 0x0000000089800000| Untracked 
| 153|0x0000000089900000, 0x0000000089900000, 0x0000000089a00000|  0%| F|  |TAMS 0x0000000089900000| PB 0x0000000089900000| Untracked 
| 154|0x0000000089a00000, 0x0000000089a00000, 0x0000000089b00000|  0%| F|  |TAMS 0x0000000089a00000| PB 0x0000000089a00000| Untracked 
| 155|0x0000000089b00000, 0x0000000089b00000, 0x0000000089c00000|  0%| F|  |TAMS 0x0000000089b00000| PB 0x0000000089b00000| Untracked 
| 156|0x0000000089c00000, 0x0000000089c00000, 0x0000000089d00000|  0%| F|  |TAMS 0x0000000089c00000| PB 0x0000000089c00000| Untracked 
| 157|0x0000000089d00000, 0x0000000089d00000, 0x0000000089e00000|  0%| F|  |TAMS 0x0000000089d00000| PB 0x0000000089d00000| Untracked 
| 158|0x0000000089e00000, 0x0000000089e00000, 0x0000000089f00000|  0%| F|  |TAMS 0x0000000089e00000| PB 0x0000000089e00000| Untracked 
| 159|0x0000000089f00000, 0x0000000089f00000, 0x000000008a000000|  0%| F|  |TAMS 0x0000000089f00000| PB 0x0000000089f00000| Untracked 
| 160|0x000000008a000000, 0x000000008a000000, 0x000000008a100000|  0%| F|  |TAMS 0x000000008a000000| PB 0x000000008a000000| Untracked 
| 161|0x000000008a100000, 0x000000008a100000, 0x000000008a200000|  0%| F|  |TAMS 0x000000008a100000| PB 0x000000008a100000| Untracked 
| 162|0x000000008a200000, 0x000000008a200000, 0x000000008a300000|  0%| F|  |TAMS 0x000000008a200000| PB 0x000000008a200000| Untracked 
| 163|0x000000008a300000, 0x000000008a300000, 0x000000008a400000|  0%| F|  |TAMS 0x000000008a300000| PB 0x000000008a300000| Untracked 
| 164|0x000000008a400000, 0x000000008a400000, 0x000000008a500000|  0%| F|  |TAMS 0x000000008a400000| PB 0x000000008a400000| Untracked 
| 165|0x000000008a500000, 0x000000008a500000, 0x000000008a600000|  0%| F|  |TAMS 0x000000008a500000| PB 0x000000008a500000| Untracked 
| 166|0x000000008a600000, 0x000000008a600000, 0x000000008a700000|  0%| F|  |TAMS 0x000000008a600000| PB 0x000000008a600000| Untracked 
| 167|0x000000008a700000, 0x000000008a700000, 0x000000008a800000|  0%| F|  |TAMS 0x000000008a700000| PB 0x000000008a700000| Untracked 
| 168|0x000000008a800000, 0x000000008a800000, 0x000000008a900000|  0%| F|  |TAMS 0x000000008a800000| PB 0x000000008a800000| Untracked 
| 169|0x000000008a900000, 0x000000008a900000, 0x000000008aa00000|  0%| F|  |TAMS 0x000000008a900000| PB 0x000000008a900000| Untracked 
| 170|0x000000008aa00000, 0x000000008aa00000, 0x000000008ab00000|  0%| F|  |TAMS 0x000000008aa00000| PB 0x000000008aa00000| Untracked 
| 171|0x000000008ab00000, 0x000000008ab00000, 0x000000008ac00000|  0%| F|  |TAMS 0x000000008ab00000| PB 0x000000008ab00000| Untracked 
| 172|0x000000008ac00000, 0x000000008ac00000, 0x000000008ad00000|  0%| F|  |TAMS 0x000000008ac00000| PB 0x000000008ac00000| Untracked 
| 173|0x000000008ad00000, 0x000000008ad00000, 0x000000008ae00000|  0%| F|  |TAMS 0x000000008ad00000| PB 0x000000008ad00000| Untracked 
| 174|0x000000008ae00000, 0x000000008ae80000, 0x000000008af00000| 50%| E|  |TAMS 0x000000008ae00000| PB 0x000000008ae00000| Complete 
| 175|0x000000008af00000, 0x000000008b000000, 0x000000008b000000|100%| E|CS|TAMS 0x000000008af00000| PB 0x000000008af00000| Complete 
|2042|0x00000000ffa00000, 0x00000000ffb00000, 0x00000000ffb00000|100%| O|  |TAMS 0x00000000ffb00000| PB 0x00000000ffb00000| Updating 
|2043|0x00000000ffb00000, 0x00000000ffc00000, 0x00000000ffc00000|100%| O|  |TAMS 0x00000000ffc00000| PB 0x00000000ffc00000| Updating 
|2044|0x00000000ffc00000, 0x00000000ffd00000, 0x00000000ffd00000|100%| O|  |TAMS 0x00000000ffd00000| PB 0x00000000ffd00000| Updating 
|2045|0x00000000ffd00000, 0x00000000ffe00000, 0x00000000ffe00000|100%| O|  |TAMS 0x00000000ffe00000| PB 0x00000000ffe00000| Updating 
|2046|0x00000000ffe00000, 0x00000000fff00000, 0x00000000fff00000|100%| O|  |TAMS 0x00000000fff00000| PB 0x00000000fff00000| Untracked 
|2047|0x00000000fff00000, 0x0000000100000000, 0x0000000100000000|100%| E|CS|TAMS 0x00000000fff00000| PB 0x00000000fff00000| Complete 

Card table byte_map: [0x00000271e3290000,0x00000271e3690000] _byte_map_base: 0x00000271e2e90000

Marking Bits: (CMBitMap*) 0x00000271d0d893b0
 Bits: [0x00000271e3690000, 0x00000271e5690000)

Polling page: 0x00000271ceb20000

Metaspace:

Usage:
  Non-class:     80.81 MB used.
      Class:     12.98 MB used.
       Both:     93.78 MB used.

Virtual space:
  Non-class space:      128.00 MB reserved,      81.81 MB ( 64%) committed,  2 nodes.
      Class space:        1.00 GB reserved,      13.94 MB (  1%) committed,  1 nodes.
             Both:        1.12 GB reserved,      95.75 MB (  8%) committed. 

Chunk freelists:
   Non-Class:  13.32 MB
       Class:  2.12 MB
        Both:  15.44 MB

MaxMetaspaceSize: unlimited
CompressedClassSpaceSize: 1.00 GB
Initial GC threshold: 21.00 MB
Current GC threshold: 144.38 MB
CDS: off
 - commit_granule_bytes: 65536.
 - commit_granule_words: 8192.
 - virtual_space_node_default_size: 8388608.
 - enlarge_chunks_in_place: 1.
 - use_allocation_guard: 0.


Internal statistics:

num_allocs_failed_limit: 6.
num_arena_births: 3488.
num_arena_deaths: 4.
num_vsnodes_births: 3.
num_vsnodes_deaths: 0.
num_space_committed: 1532.
num_space_uncommitted: 0.
num_chunks_returned_to_freelist: 15.
num_chunks_taken_from_freelist: 7255.
num_chunk_merges: 6.
num_chunk_splits: 4795.
num_chunks_enlarged: 3119.
num_inconsistent_stats: 0.

CodeHeap 'non-profiled nmethods': size=120000Kb used=5142Kb max_used=5582Kb free=114857Kb
 bounds [0x00000271db960000, 0x00000271dbee0000, 0x00000271e2e90000]
CodeHeap 'profiled nmethods': size=120000Kb used=15800Kb max_used=16967Kb free=104199Kb
 bounds [0x00000271d3e90000, 0x00000271d4f30000, 0x00000271db3c0000]
CodeHeap 'non-nmethods': size=5760Kb used=2875Kb max_used=2893Kb free=2884Kb
 bounds [0x00000271db3c0000, 0x00000271db6a0000, 0x00000271db960000]
 total_blobs=9858 nmethods=8870 adapters=889
 compilation: enabled
              stopped_count=0, restarted_count=0
 full_count=0

Compilation events (20 events):
Event: 41.519 Thread 0x00000271ec075cb0 10593       3       org.jetbrains.kotlin.it.unimi.dsi.fastutil.HashCommon::mix (12 bytes)
Event: 41.519 Thread 0x00000271ec075cb0 nmethod 10593 0x00000271d470d890 code [0x00000271d470da20, 0x00000271d470db20]
Event: 41.585 Thread 0x00000271ec075cb0 10594       3       java.util.stream.FindOps::makeRef (14 bytes)
Event: 41.585 Thread 0x00000271ec075220 10597       4       java.util.stream.Collectors$$Lambda/0x0000000100178708::accept (14 bytes)
Event: 41.585 Thread 0x00000271ec075cb0 nmethod 10594 0x00000271d4f20590 code [0x00000271d4f20740, 0x00000271d4f208a8]
Event: 41.585 Thread 0x00000271ec075cb0 10595       3       java.util.stream.FindOps$FindOp::evaluateSequential (39 bytes)
Event: 41.586 Thread 0x00000271ec075cb0 nmethod 10595 0x00000271d4f20910 code [0x00000271d4f20b00, 0x00000271d4f210c8]
Event: 41.586 Thread 0x00000271ec075cb0 10596       3       java.util.stream.FindOps$FindSink$OfRef::get (5 bytes)
Event: 41.586 Thread 0x00000271ec075cb0 nmethod 10596 0x00000271d4f21290 code [0x00000271d4f21480, 0x00000271d4f21978]
Event: 41.592 Thread 0x00000271ec075220 nmethod 10597 0x00000271dbeccf10 code [0x00000271dbecd0e0, 0x00000271dbecd948]
Event: 41.629 Thread 0x00000271ec075cb0 10611       3       java.lang.Error::<init> (6 bytes)
Event: 41.630 Thread 0x00000271ec075cb0 nmethod 10611 0x00000271d4f21b10 code [0x00000271d4f21d00, 0x00000271d4f22348]
Event: 41.665 Thread 0x00000271ec075cb0 10618       3       java.lang.reflect.ProxyGenerator$ProxyMethod::codeUnwrapReturnValue (76 bytes)
Event: 41.665 Thread 0x00000271ec075cb0 nmethod 10618 0x00000271d4f22490 code [0x00000271d4f226e0, 0x00000271d4f22e50]
Event: 41.797 Thread 0x00000271ec075220 10619   !   4       java.util.concurrent.ConcurrentHashMap::putVal (432 bytes)
Event: 41.821 Thread 0x00000271ec075220 nmethod 10619 0x00000271dbed1510 code [0x00000271dbed17a0, 0x00000271dbed2a28]
Event: 41.871 Thread 0x00000271ec075cb0 10620       1       kotlin.sequences.TransformingSequence::access$getTransformer$p (5 bytes)
Event: 41.871 Thread 0x00000271ec075cb0 nmethod 10620 0x00000271dbed3510 code [0x00000271dbed36a0, 0x00000271dbed3750]
Event: 41.889 Thread 0x00000271ec075220 10621       4       jdk.internal.misc.InnocuousThread::eraseThreadLocals (23 bytes)
Event: 41.891 Thread 0x00000271ec075220 nmethod 10621 0x00000271dbed3810 code [0x00000271dbed39a0, 0x00000271dbed3ad0]

GC Heap History (20 events):
Event: 21.075 GC heap before
{Heap before GC invocations=30 (full 0):
 garbage-first heap   total 133120K, used 118150K [0x0000000080000000, 0x0000000100000000)
  region size 1024K, 40 young (40960K), 2 survivors (2048K)
 Metaspace       used 60387K, committed 61888K, reserved 1114112K
  class space    used 8289K, committed 9024K, reserved 1048576K
}
Event: 21.083 GC heap after
{Heap after GC invocations=31 (full 0):
 garbage-first heap   total 133120K, used 80611K [0x0000000080000000, 0x0000000100000000)
  region size 1024K, 4 young (4096K), 4 survivors (4096K)
 Metaspace       used 60387K, committed 61888K, reserved 1114112K
  class space    used 8289K, committed 9024K, reserved 1048576K
}
Event: 22.991 GC heap before
{Heap before GC invocations=31 (full 0):
 garbage-first heap   total 133120K, used 126691K [0x0000000080000000, 0x0000000100000000)
  region size 1024K, 43 young (44032K), 4 survivors (4096K)
 Metaspace       used 63730K, committed 65280K, reserved 1114112K
  class space    used 8664K, committed 9472K, reserved 1048576K
}
Event: 23.008 GC heap after
{Heap after GC invocations=32 (full 0):
 garbage-first heap   total 183296K, used 91947K [0x0000000080000000, 0x0000000100000000)
  region size 1024K, 6 young (6144K), 6 survivors (6144K)
 Metaspace       used 63730K, committed 65280K, reserved 1114112K
  class space    used 8664K, committed 9472K, reserved 1048576K
}
Event: 23.814 GC heap before
{Heap before GC invocations=32 (full 0):
 garbage-first heap   total 183296K, used 162603K [0x0000000080000000, 0x0000000100000000)
  region size 1024K, 75 young (76800K), 6 survivors (6144K)
 Metaspace       used 64415K, committed 66048K, reserved 1114112K
  class space    used 8729K, committed 9536K, reserved 1048576K
}
Event: 23.825 GC heap after
{Heap after GC invocations=33 (full 0):
 garbage-first heap   total 183296K, used 93035K [0x0000000080000000, 0x0000000100000000)
  region size 1024K, 6 young (6144K), 6 survivors (6144K)
 Metaspace       used 64415K, committed 66048K, reserved 1114112K
  class space    used 8729K, committed 9536K, reserved 1048576K
}
Event: 23.982 GC heap before
{Heap before GC invocations=33 (full 0):
 garbage-first heap   total 183296K, used 94059K [0x0000000080000000, 0x0000000100000000)
  region size 1024K, 8 young (8192K), 6 survivors (6144K)
 Metaspace       used 64471K, committed 66048K, reserved 1114112K
  class space    used 8741K, committed 9536K, reserved 1048576K
}
Event: 23.991 GC heap after
{Heap after GC invocations=34 (full 0):
 garbage-first heap   total 183296K, used 93486K [0x0000000080000000, 0x0000000100000000)
  region size 1024K, 2 young (2048K), 2 survivors (2048K)
 Metaspace       used 64471K, committed 66048K, reserved 1114112K
  class space    used 8741K, committed 9536K, reserved 1048576K
}
Event: 25.860 GC heap before
{Heap before GC invocations=35 (full 0):
 garbage-first heap   total 183296K, used 170286K [0x0000000080000000, 0x0000000100000000)
  region size 1024K, 69 young (70656K), 2 survivors (2048K)
 Metaspace       used 70601K, committed 72384K, reserved 1114112K
  class space    used 9470K, committed 10368K, reserved 1048576K
}
Event: 25.868 GC heap after
{Heap after GC invocations=36 (full 0):
 garbage-first heap   total 183296K, used 102630K [0x0000000080000000, 0x0000000100000000)
  region size 1024K, 4 young (4096K), 4 survivors (4096K)
 Metaspace       used 70601K, committed 72384K, reserved 1114112K
  class space    used 9470K, committed 10368K, reserved 1048576K
}
Event: 27.970 GC heap before
{Heap before GC invocations=36 (full 0):
 garbage-first heap   total 183296K, used 166118K [0x0000000080000000, 0x0000000100000000)
  region size 1024K, 66 young (67584K), 4 survivors (4096K)
 Metaspace       used 78088K, committed 79872K, reserved 1179648K
  class space    used 10639K, committed 11520K, reserved 1048576K
}
Event: 27.983 GC heap after
{Heap after GC invocations=37 (full 0):
 garbage-first heap   total 183296K, used 105247K [0x0000000080000000, 0x0000000100000000)
  region size 1024K, 7 young (7168K), 7 survivors (7168K)
 Metaspace       used 78088K, committed 79872K, reserved 1179648K
  class space    used 10639K, committed 11520K, reserved 1048576K
}
Event: 31.368 GC heap before
{Heap before GC invocations=37 (full 0):
 garbage-first heap   total 183296K, used 164639K [0x0000000080000000, 0x0000000100000000)
  region size 1024K, 66 young (67584K), 7 survivors (7168K)
 Metaspace       used 86760K, committed 88640K, reserved 1179648K
  class space    used 11746K, committed 12672K, reserved 1048576K
}
Event: 31.389 GC heap after
{Heap after GC invocations=38 (full 0):
 garbage-first heap   total 183296K, used 111388K [0x0000000080000000, 0x0000000100000000)
  region size 1024K, 9 young (9216K), 9 survivors (9216K)
 Metaspace       used 86760K, committed 88640K, reserved 1179648K
  class space    used 11746K, committed 12672K, reserved 1048576K
}
Event: 33.455 GC heap before
{Heap before GC invocations=39 (full 0):
 garbage-first heap   total 186368K, used 162588K [0x0000000080000000, 0x0000000100000000)
  region size 1024K, 60 young (61440K), 9 survivors (9216K)
 Metaspace       used 87096K, committed 88960K, reserved 1179648K
  class space    used 11746K, committed 12672K, reserved 1048576K
}
Event: 33.489 GC heap after
{Heap after GC invocations=40 (full 0):
 garbage-first heap   total 186368K, used 114953K [0x0000000080000000, 0x0000000100000000)
  region size 1024K, 4 young (4096K), 4 survivors (4096K)
 Metaspace       used 87096K, committed 88960K, reserved 1179648K
  class space    used 11746K, committed 12672K, reserved 1048576K
}
Event: 35.300 GC heap before
{Heap before GC invocations=40 (full 0):
 garbage-first heap   total 186368K, used 170249K [0x0000000080000000, 0x0000000100000000)
  region size 1024K, 59 young (60416K), 4 survivors (4096K)
 Metaspace       used 87214K, committed 89088K, reserved 1179648K
  class space    used 11764K, committed 12672K, reserved 1048576K
}
Event: 35.311 GC heap after
{Heap after GC invocations=41 (full 0):
 garbage-first heap   total 186368K, used 116736K [0x0000000080000000, 0x0000000100000000)
  region size 1024K, 6 young (6144K), 6 survivors (6144K)
 Metaspace       used 87214K, committed 89088K, reserved 1179648K
  class space    used 11764K, committed 12672K, reserved 1048576K
}
Event: 41.876 GC heap before
{Heap before GC invocations=41 (full 0):
 garbage-first heap   total 186368K, used 169984K [0x0000000080000000, 0x0000000100000000)
  region size 1024K, 58 young (59392K), 6 survivors (6144K)
 Metaspace       used 95635K, committed 97600K, reserved 1179648K
  class space    used 13254K, committed 14208K, reserved 1048576K
}
Event: 41.889 GC heap after
{Heap after GC invocations=42 (full 0):
 garbage-first heap   total 186368K, used 119042K [0x0000000080000000, 0x0000000100000000)
  region size 1024K, 7 young (7168K), 7 survivors (7168K)
 Metaspace       used 95635K, committed 97600K, reserved 1179648K
  class space    used 13254K, committed 14208K, reserved 1048576K
}

Dll operation events (3 events):
Event: 0.343 Loaded shared library C:\Program Files\Android\Android Studio\jbr\bin\java.dll
Event: 0.471 Loaded shared library C:\Program Files\Android\Android Studio\jbr\bin\zip.dll
Event: 3.079 Loaded shared library C:\Program Files\Android\Android Studio\jbr\bin\verify.dll

Deoptimization events (20 events):
Event: 35.333 Thread 0x00000271ec3f7b80 DEOPT PACKING pc=0x00000271d4b7d1f8 sp=0x000000ebb6ef7c20
Event: 35.333 Thread 0x00000271ec3f7b80 DEOPT UNPACKING pc=0x00000271db414e42 sp=0x000000ebb6ef7108 mode 0
Event: 35.335 Thread 0x00000271ec3f7b80 DEOPT PACKING pc=0x00000271d4b7d1f8 sp=0x000000ebb6ef7bd0
Event: 35.335 Thread 0x00000271ec3f7b80 DEOPT UNPACKING pc=0x00000271db414e42 sp=0x000000ebb6ef70b8 mode 0
Event: 35.355 Thread 0x00000271ec736f10 Uncommon trap: trap_request=0xffffffbe fr.pc=0x00000271dbcdfd8c relative=0x00000000000002ac
Event: 35.355 Thread 0x00000271ec736f10 Uncommon trap: reason=profile_predicate action=maybe_recompile pc=0x00000271dbcdfd8c method=java.util.Collections.indexedBinarySearch(Ljava/util/List;Ljava/lang/Object;)I @ 13 c2
Event: 35.355 Thread 0x00000271ec736f10 DEOPT PACKING pc=0x00000271dbcdfd8c sp=0x000000ebb72fe2a0
Event: 35.356 Thread 0x00000271ec736f10 DEOPT UNPACKING pc=0x00000271db4146a2 sp=0x000000ebb72fe220 mode 2
Event: 36.658 Thread 0x00000271ec3f7b80 Uncommon trap: trap_request=0xfffffff4 fr.pc=0x00000271dbebc1b8 relative=0x0000000000000198
Event: 36.658 Thread 0x00000271ec3f7b80 Uncommon trap: reason=null_check action=make_not_entrant pc=0x00000271dbebc1b8 method=java.lang.reflect.Array.newInstance(Ljava/lang/Class;I)Ljava/lang/Object; @ 2 c2
Event: 36.658 Thread 0x00000271ec3f7b80 DEOPT PACKING pc=0x00000271dbebc1b8 sp=0x000000ebb6ef3a80
Event: 36.658 Thread 0x00000271ec3f7b80 DEOPT UNPACKING pc=0x00000271db4146a2 sp=0x000000ebb6ef3a18 mode 2
Event: 37.342 Thread 0x00000271ec2c05a0 Uncommon trap: trap_request=0xffffff66 fr.pc=0x00000271dbd11ca8 relative=0x00000000000001e8
Event: 37.342 Thread 0x00000271ec2c05a0 Uncommon trap: reason=speculate_class_check action=maybe_recompile pc=0x00000271dbd11ca8 method=java.util.AbstractList.listIterator()Ljava/util/ListIterator; @ 2 c2
Event: 37.342 Thread 0x00000271ec2c05a0 DEOPT PACKING pc=0x00000271dbd11ca8 sp=0x000000ebb6afeb80
Event: 37.342 Thread 0x00000271ec2c05a0 DEOPT UNPACKING pc=0x00000271db4146a2 sp=0x000000ebb6afead8 mode 2
Event: 38.379 Thread 0x00000271ec3f7b80 DEOPT PACKING pc=0x00000271d4c29e19 sp=0x000000ebb6ef3f70
Event: 38.379 Thread 0x00000271ec3f7b80 DEOPT UNPACKING pc=0x00000271db414e42 sp=0x000000ebb6ef3480 mode 0
Event: 40.868 Thread 0x00000271ec3f7b80 DEOPT PACKING pc=0x00000271d4c29e3a sp=0x000000ebb6ef35f0
Event: 40.868 Thread 0x00000271ec3f7b80 DEOPT UNPACKING pc=0x00000271db414e42 sp=0x000000ebb6ef2b00 mode 0

Classes loaded (20 events):
Event: 30.480 Loading class java/util/Collections$ReverseComparator2
Event: 30.480 Loading class java/util/Collections$ReverseComparator2 done
Event: 31.393 Loading class sun/security/ssl/Alert
Event: 31.393 Loading class sun/security/ssl/Alert done
Event: 31.394 Loading class sun/security/ssl/Alert$AlertConsumer
Event: 31.394 Loading class sun/security/ssl/Alert$AlertConsumer done
Event: 31.394 Loading class sun/security/ssl/Alert$Level
Event: 31.395 Loading class sun/security/ssl/Alert$Level done
Event: 39.435 Loading class java/util/Stack
Event: 39.435 Loading class java/util/Stack done
Event: 39.793 Loading class java/lang/AbstractMethodError
Event: 39.793 Loading class java/lang/AbstractMethodError done
Event: 40.512 Loading class java/nio/file/FileChannelLinesSpliterator
Event: 40.512 Loading class java/nio/file/FileChannelLinesSpliterator done
Event: 41.387 Loading class java/util/concurrent/atomic/AtomicLongFieldUpdater
Event: 41.387 Loading class java/util/concurrent/atomic/AtomicLongFieldUpdater done
Event: 41.387 Loading class java/util/concurrent/atomic/AtomicLongFieldUpdater$CASUpdater
Event: 41.405 Loading class java/util/concurrent/atomic/AtomicLongFieldUpdater$CASUpdater done
Event: 41.405 Loading class java/util/concurrent/atomic/AtomicLongFieldUpdater$CASUpdater$1
Event: 41.405 Loading class java/util/concurrent/atomic/AtomicLongFieldUpdater$CASUpdater$1 done

Classes unloaded (12 events):
Event: 31.567 Thread 0x00000271e7bc8300 Unloading class 0x000000010092c948 '_BuildScript_$_run_closure1$_closure2'
Event: 31.567 Thread 0x00000271e7bc8300 Unloading class 0x000000010092c548 '_BuildScript_$_run_closure1'
Event: 31.567 Thread 0x00000271e7bc8300 Unloading class 0x000000010092c000 '_BuildScript_'
Event: 42.011 Thread 0x00000271e7bc8300 Unloading class 0x000000010094b148 '_BuildScript_$_run_closure1$_closure3'
Event: 42.011 Thread 0x00000271e7bc8300 Unloading class 0x000000010094ad48 '_BuildScript_$_run_closure1$_closure2'
Event: 42.011 Thread 0x00000271e7bc8300 Unloading class 0x000000010094a948 '_BuildScript_$_run_closure1'
Event: 42.011 Thread 0x00000271e7bc8300 Unloading class 0x000000010094a400 '_BuildScript_'
Event: 42.011 Thread 0x00000271e7bc8300 Unloading class 0x000000010094a000 'JetGradlePlugin$_apply_closure1$_closure2$_closure3'
Event: 42.011 Thread 0x00000271e7bc8300 Unloading class 0x0000000100949990 'JetGradlePlugin$_apply_closure1$_closure2'
Event: 42.011 Thread 0x00000271e7bc8300 Unloading class 0x0000000100949590 'JetGradlePlugin$_apply_closure1'
Event: 42.011 Thread 0x00000271e7bc8300 Unloading class 0x00000001009492e0 'JetGradlePlugin'
Event: 42.011 Thread 0x00000271e7bc8300 Unloading class 0x0000000100949000 'RegistryProcessor'

Classes redefined (0 events):
No events

Internal exceptions (20 events):
Event: 33.142 Thread 0x00000271ef5486a0 Implicit null exception at 0x00000271dbb50569 to 0x00000271dbb5060c
Event: 34.554 Thread 0x00000271ef545220 Implicit null exception at 0x00000271dbe9252b to 0x00000271dbe92e18
Event: 34.571 Thread 0x00000271ef548010 Implicit null exception at 0x00000271dbe9252b to 0x00000271dbe92e18
Event: 34.596 Thread 0x00000271ef5486a0 Implicit null exception at 0x00000271dbe9252b to 0x00000271dbe92e18
Event: 34.599 Thread 0x00000271ec3f7b80 Implicit null exception at 0x00000271dbe9252b to 0x00000271dbe92e18
Event: 35.542 Thread 0x00000271ec3f7b80 Exception <a 'java/lang/NoSuchMethodError'{0x000000008acfd4c0}: 'java.lang.Object java.lang.invoke.DirectMethodHandle$Holder.invokeStaticInit(java.lang.Object, int)'> (0x000000008acfd4c0) 
thrown [s\src\hotspot\share\interpreter\linkResolver.cpp, line 784]
Event: 36.658 Thread 0x00000271ec3f7b80 Implicit null exception at 0x00000271dbebc041 to 0x00000271dbebc1a4
Event: 39.125 Thread 0x00000271ec3f7b80 Exception <a 'sun/nio/fs/WindowsException'{0x0000000089017ad8}> (0x0000000089017ad8) 
thrown [s\src\hotspot\share\prims\jni.cpp, line 535]
Event: 39.125 Thread 0x00000271ec3f7b80 Exception <a 'sun/nio/fs/WindowsException'{0x0000000089019b80}> (0x0000000089019b80) 
thrown [s\src\hotspot\share\prims\jni.cpp, line 535]
Event: 40.513 Thread 0x00000271ec3f7b80 Exception <a 'sun/nio/fs/WindowsException'{0x0000000088abbdc0}> (0x0000000088abbdc0) 
thrown [s\src\hotspot\share\prims\jni.cpp, line 535]
Event: 41.385 Thread 0x00000271ec3f7b80 Exception <a 'java/lang/NoSuchMethodError'{0x00000000886be8f8}: 'long java.lang.invoke.DirectMethodHandle$Holder.invokeStatic(java.lang.Object)'> (0x00000000886be8f8) 
thrown [s\src\hotspot\share\interpreter\linkResolver.cpp, line 784]
Event: 41.385 Thread 0x00000271ec3f7b80 Exception <a 'java/lang/NoSuchMethodError'{0x00000000886c3450}: 'long java.lang.invoke.DirectMethodHandle$Holder.invokeStaticInit(java.lang.Object)'> (0x00000000886c3450) 
thrown [s\src\hotspot\share\interpreter\linkResolver.cpp, line 784]
Event: 41.609 Thread 0x00000271ec3f7b80 Exception <a 'java/lang/NoSuchMethodError'{0x0000000088117f50}: 'void java.lang.invoke.DirectMethodHandle$Holder.invokeStaticInit(java.lang.Object)'> (0x0000000088117f50) 
thrown [s\src\hotspot\share\interpreter\linkResolver.cpp, line 784]
Event: 41.627 Thread 0x00000271ec3f7b80 Exception <a 'java/lang/NoSuchMethodError'{0x000000008819f9b0}: 'void java.lang.invoke.DelegatingMethodHandle$Holder.reinvoke_L(java.lang.Object, java.lang.Object, java.lang.Object, long, java.lang.Object)'> (0x000000008819f9b0) 
thrown [s\src\hotspot\share\interpreter\linkResolver.cpp, line 784]
Event: 41.628 Thread 0x00000271ec3f7b80 Exception <a 'java/lang/NoSuchMethodError'{0x00000000881a7dc0}: 'java.lang.Object java.lang.invoke.DirectMethodHandle$Holder.invokeSpecial(java.lang.Object, java.lang.Object, java.lang.Object, java.lang.Object, long)'> (0x00000000881a7dc0) 
thrown [s\src\hotspot\share\interpreter\linkResolver.cpp, line 784]
Event: 41.628 Thread 0x00000271ec3f7b80 Exception <a 'java/lang/NoSuchMethodError'{0x00000000881b7b70}: 'int java.lang.invoke.DelegatingMethodHandle$Holder.reinvoke_L(java.lang.Object, java.lang.Object, java.lang.Object, long, java.lang.Object, java.lang.Object)'> (0x00000000881b7b70) 
thrown [s\src\hotspot\share\interpreter\linkResolver.cpp, line 784]
Event: 41.629 Thread 0x00000271ec3f7b80 Exception <a 'java/lang/NoSuchMethodError'{0x00000000881c7230}: 'int java.lang.invoke.DelegatingMethodHandle$Holder.reinvoke_L(java.lang.Object, java.lang.Object, java.lang.Object, long, int, int)'> (0x00000000881c7230) 
thrown [s\src\hotspot\share\interpreter\linkResolver.cpp, line 784]
Event: 41.629 Thread 0x00000271ec3f7b80 Exception <a 'java/lang/NoSuchMethodError'{0x00000000881d66a0}: 'int java.lang.invoke.DelegatingMethodHandle$Holder.reinvoke_L(java.lang.Object, java.lang.Object, java.lang.Object, long, long, long)'> (0x00000000881d66a0) 
thrown [s\src\hotspot\share\interpreter\linkResolver.cpp, line 784]
Event: 41.630 Thread 0x00000271ec3f7b80 Exception <a 'java/lang/NoSuchMethodError'{0x00000000881e57d8}: 'int java.lang.invoke.DelegatingMethodHandle$Holder.reinvoke_L(java.lang.Object, java.lang.Object, java.lang.Object, long, int)'> (0x00000000881e57d8) 
thrown [s\src\hotspot\share\interpreter\linkResolver.cpp, line 784]
Event: 41.632 Thread 0x00000271ec3f7b80 Exception <a 'java/lang/NoSuchMethodError'{0x00000000881fb6a8}: 'void java.lang.invoke.DelegatingMethodHandle$Holder.reinvoke_L(java.lang.Object, java.lang.Object, java.lang.Object, long, java.lang.Object, long, long)'> (0x00000000881fb6a8) 
thrown [s\src\hotspot\share\interpreter\linkResolver.cpp, line 784]

ZGC Phase Switch (0 events):
No events

VM Operations (20 events):
Event: 35.468 Executing VM operation: HandshakeAllThreads (Deoptimize) done
Event: 35.523 Executing VM operation: HandshakeAllThreads (Deoptimize)
Event: 35.523 Executing VM operation: HandshakeAllThreads (Deoptimize) done
Event: 36.521 Executing VM operation: Cleanup
Event: 36.521 Executing VM operation: Cleanup done
Event: 38.536 Executing VM operation: Cleanup
Event: 38.537 Executing VM operation: Cleanup done
Event: 40.551 Executing VM operation: Cleanup
Event: 40.551 Executing VM operation: Cleanup done
Event: 41.413 Executing VM operation: HandshakeAllThreads (Deoptimize)
Event: 41.413 Executing VM operation: HandshakeAllThreads (Deoptimize) done
Event: 41.845 Executing VM operation: HandshakeAllThreads (Deoptimize)
Event: 41.845 Executing VM operation: HandshakeAllThreads (Deoptimize) done
Event: 41.845 Executing VM operation: Cleanup
Event: 41.845 Executing VM operation: Cleanup done
Event: 41.846 Executing VM operation: HandshakeAllThreads (Deoptimize)
Event: 41.847 Executing VM operation: HandshakeAllThreads (Deoptimize) done
Event: 41.876 Executing VM operation: G1CollectForAllocation (G1 Evacuation Pause)
Event: 41.889 Executing VM operation: G1CollectForAllocation (G1 Evacuation Pause) done
Event: 42.010 Executing VM operation: G1PauseRemark

Memory protections (0 events):
No events

Nmethod flushes (20 events):
Event: 42.024 Thread 0x00000271e7bc8300 flushing  nmethod 0x00000271d4addb90
Event: 42.024 Thread 0x00000271e7bc8300 flushing  nmethod 0x00000271d4adde90
Event: 42.024 Thread 0x00000271e7bc8300 flushing  nmethod 0x00000271d4ae4210
Event: 42.024 Thread 0x00000271e7bc8300 flushing  nmethod 0x00000271d4c0ef10
Event: 42.024 Thread 0x00000271e7bc8300 flushing  nmethod 0x00000271d4c33710
Event: 42.024 Thread 0x00000271e7bc8300 flushing  nmethod 0x00000271d4c34a10
Event: 42.024 Thread 0x00000271e7bc8300 flushing  nmethod 0x00000271d4c34f10
Event: 42.024 Thread 0x00000271e7bc8300 flushing  nmethod 0x00000271d4c48710
Event: 42.024 Thread 0x00000271e7bc8300 flushing  nmethod 0x00000271d4c49390
Event: 42.024 Thread 0x00000271e7bc8300 flushing  nmethod 0x00000271d4c49890
Event: 42.024 Thread 0x00000271e7bc8300 flushing  nmethod 0x00000271d4c49f10
Event: 42.024 Thread 0x00000271e7bc8300 flushing  nmethod 0x00000271d4c4a790
Event: 42.024 Thread 0x00000271e7bc8300 flushing  nmethod 0x00000271d4c4b390
Event: 42.024 Thread 0x00000271e7bc8300 flushing  nmethod 0x00000271d4c4d790
Event: 42.024 Thread 0x00000271e7bc8300 flushing  nmethod 0x00000271d4c54110
Event: 42.024 Thread 0x00000271e7bc8300 flushing  nmethod 0x00000271d4c54f10
Event: 42.024 Thread 0x00000271e7bc8300 flushing  nmethod 0x00000271d4c8b110
Event: 42.024 Thread 0x00000271e7bc8300 flushing  nmethod 0x00000271d4c8bd90
Event: 42.024 Thread 0x00000271e7bc8300 flushing  nmethod 0x00000271d4c8cc90
Event: 42.024 Thread 0x00000271e7bc8300 flushing  nmethod 0x00000271d4cab610

Events (20 events):
Event: 24.106 Thread 0x00000271eeb7b700 Thread exited: 0x00000271eeb7b700
Event: 25.669 Thread 0x00000271ec075220 Thread added: 0x00000271eeb7b700
Event: 26.164 Thread 0x00000271eeb7b700 Thread exited: 0x00000271eeb7b700
Event: 26.787 Thread 0x00000271ec075cb0 Thread added: 0x00000271eeb7a960
Event: 27.262 Thread 0x00000271eeb7a960 Thread exited: 0x00000271eeb7a960
Event: 27.673 Thread 0x00000271ec075cb0 Thread added: 0x00000271eeb78750
Event: 28.471 Thread 0x00000271eeb78750 Thread exited: 0x00000271eeb78750
Event: 29.052 Thread 0x00000271ec075220 Thread added: 0x00000271eeb7b030
Event: 30.177 Thread 0x00000271eeb7b030 Thread exited: 0x00000271eeb7b030
Event: 30.665 Thread 0x00000271ec3f7b80 Thread added: 0x00000271ef279640
Event: 30.665 Thread 0x00000271ec3f7b80 Thread added: 0x00000271ef27eb90
Event: 30.666 Thread 0x00000271ec3f7b80 Thread added: 0x00000271ef27d150
Event: 31.271 Thread 0x00000271ec3f7b80 Thread added: 0x00000271ef27d7e0
Event: 31.273 Thread 0x00000271ec3f7b80 Thread added: 0x00000271ef27de70
Event: 31.274 Thread 0x00000271ec3f7b80 Thread added: 0x00000271ef27e500
Event: 31.526 Thread 0x00000271ec075cb0 Thread added: 0x00000271eeb7b030
Event: 32.007 Thread 0x00000271ec3f7b80 Thread added: 0x00000271ef548010
Event: 32.008 Thread 0x00000271ec3f7b80 Thread added: 0x00000271ef5486a0
Event: 32.009 Thread 0x00000271ec3f7b80 Thread added: 0x00000271ef545220
Event: 32.432 Thread 0x00000271eeb7b030 Thread exited: 0x00000271eeb7b030


Dynamic libraries:
0x00007ff6cf900000 - 0x00007ff6cf90a000 	C:\Program Files\Android\Android Studio\jbr\bin\java.exe
0x00007ff9ea790000 - 0x00007ff9ea988000 	C:\Windows\SYSTEM32\ntdll.dll
0x00007ff9e9470000 - 0x00007ff9e9532000 	C:\Windows\System32\KERNEL32.DLL
0x00007ff9e8060000 - 0x00007ff9e8357000 	C:\Windows\System32\KERNELBASE.dll
0x00007ff9e86b0000 - 0x00007ff9e87b0000 	C:\Windows\System32\ucrtbase.dll
0x00007ff9d8490000 - 0x00007ff9d84ab000 	C:\Program Files\Android\Android Studio\jbr\bin\VCRUNTIME140.dll
0x00007ff9d19c0000 - 0x00007ff9d19d8000 	C:\Program Files\Android\Android Studio\jbr\bin\jli.dll
0x00007ff9e8d40000 - 0x00007ff9e8edd000 	C:\Windows\System32\USER32.dll
0x00007ff9d8e80000 - 0x00007ff9d911a000 	C:\Windows\WinSxS\amd64_microsoft.windows.common-controls_6595b64144ccf1df_6.0.19041.5915_none_60b4b9d171f9c7c7\COMCTL32.dll
0x00007ff9e7f80000 - 0x00007ff9e7fa2000 	C:\Windows\System32\win32u.dll
0x00007ff9ea170000 - 0x00007ff9ea19b000 	C:\Windows\System32\GDI32.dll
0x00007ff9ea430000 - 0x00007ff9ea4ce000 	C:\Windows\System32\msvcrt.dll
0x00007ff9e8510000 - 0x00007ff9e8629000 	C:\Windows\System32\gdi32full.dll
0x00007ff9e8390000 - 0x00007ff9e842d000 	C:\Windows\System32\msvcp_win.dll
0x00007ff9e9610000 - 0x00007ff9e963f000 	C:\Windows\System32\IMM32.DLL
0x00007ff9e1590000 - 0x00007ff9e159c000 	C:\Program Files\Android\Android Studio\jbr\bin\vcruntime140_1.dll
0x00007ff9cc680000 - 0x00007ff9cc70d000 	C:\Program Files\Android\Android Studio\jbr\bin\msvcp140.dll
0x00007ff99c9b0000 - 0x00007ff99d63b000 	C:\Program Files\Android\Android Studio\jbr\bin\server\jvm.dll
0x00007ff9e9540000 - 0x00007ff9e95f1000 	C:\Windows\System32\ADVAPI32.dll
0x00007ff9ea330000 - 0x00007ff9ea3cf000 	C:\Windows\System32\sechost.dll
0x00007ff9ea4f0000 - 0x00007ff9ea616000 	C:\Windows\System32\RPCRT4.dll
0x00007ff9e8360000 - 0x00007ff9e8387000 	C:\Windows\System32\bcrypt.dll
0x00007ff9ea080000 - 0x00007ff9ea0eb000 	C:\Windows\System32\WS2_32.dll
0x00007ff9e7c80000 - 0x00007ff9e7ccb000 	C:\Windows\SYSTEM32\POWRPROF.dll
0x00007ff9dcf10000 - 0x00007ff9dcf37000 	C:\Windows\SYSTEM32\WINMM.dll
0x00007ff9d73a0000 - 0x00007ff9d73aa000 	C:\Windows\SYSTEM32\VERSION.dll
0x00007ff9e7c60000 - 0x00007ff9e7c72000 	C:\Windows\SYSTEM32\UMPDC.dll
0x00007ff9e5e40000 - 0x00007ff9e5e52000 	C:\Windows\SYSTEM32\kernel.appcore.dll
0x00007ff9e0de0000 - 0x00007ff9e0dea000 	C:\Program Files\Android\Android Studio\jbr\bin\jimage.dll
0x00007ff9d5800000 - 0x00007ff9d5a01000 	C:\Windows\SYSTEM32\DBGHELP.DLL
0x00007ff9d2d90000 - 0x00007ff9d2dc4000 	C:\Windows\SYSTEM32\dbgcore.DLL
0x00007ff9e8480000 - 0x00007ff9e8502000 	C:\Windows\System32\bcryptPrimitives.dll
0x00007ff9e0f00000 - 0x00007ff9e0f0e000 	C:\Program Files\Android\Android Studio\jbr\bin\instrument.dll
0x00007ff9c2c60000 - 0x00007ff9c2c80000 	C:\Program Files\Android\Android Studio\jbr\bin\java.dll
0x00007ff9c2b50000 - 0x00007ff9c2b68000 	C:\Program Files\Android\Android Studio\jbr\bin\zip.dll
0x00007ff9e98a0000 - 0x00007ff9ea00e000 	C:\Windows\System32\SHELL32.dll
0x00007ff9e5e60000 - 0x00007ff9e6604000 	C:\Windows\SYSTEM32\windows.storage.dll
0x00007ff9e9110000 - 0x00007ff9e9463000 	C:\Windows\System32\combase.dll
0x00007ff9e76a0000 - 0x00007ff9e76cb000 	C:\Windows\SYSTEM32\Wldp.dll
0x00007ff9ea680000 - 0x00007ff9ea74d000 	C:\Windows\System32\OLEAUT32.dll
0x00007ff9ea1a0000 - 0x00007ff9ea24d000 	C:\Windows\System32\SHCORE.dll
0x00007ff9ea010000 - 0x00007ff9ea06b000 	C:\Windows\System32\shlwapi.dll
0x00007ff9e7d50000 - 0x00007ff9e7d74000 	C:\Windows\SYSTEM32\profapi.dll
0x00007ff9c91d0000 - 0x00007ff9c91e0000 	C:\Program Files\Android\Android Studio\jbr\bin\net.dll
0x00007ff9de010000 - 0x00007ff9de11a000 	C:\Windows\SYSTEM32\WINHTTP.dll
0x00007ff9e7480000 - 0x00007ff9e74ea000 	C:\Windows\system32\mswsock.dll
0x00007ff9c2b30000 - 0x00007ff9c2b46000 	C:\Program Files\Android\Android Studio\jbr\bin\nio.dll
0x00007ff9c2a60000 - 0x00007ff9c2a70000 	C:\Program Files\Android\Android Studio\jbr\bin\verify.dll
0x00007ff9c2a30000 - 0x00007ff9c2a57000 	C:\Users\Robin Aluma\.gradle\native\1def1411415f61bf3af743bc5b6707747c0891f09f0c88961ee8f79bc544acac\windows-amd64\native-platform.dll
0x00007ff9cc600000 - 0x00007ff9cc678000 	C:\Users\Robin Aluma\.gradle\native\0.2.7\x86_64-windows-gnu\gradle-fileevents.dll
0x00007ff9c44e0000 - 0x00007ff9c44e9000 	C:\Program Files\Android\Android Studio\jbr\bin\management.dll
0x00007ff9c36f0000 - 0x00007ff9c36fb000 	C:\Program Files\Android\Android Studio\jbr\bin\management_ext.dll
0x00007ff9ea070000 - 0x00007ff9ea078000 	C:\Windows\System32\PSAPI.DLL
0x00007ff9e7180000 - 0x00007ff9e71bb000 	C:\Windows\SYSTEM32\IPHLPAPI.DLL
0x00007ff9e9600000 - 0x00007ff9e9608000 	C:\Windows\System32\NSI.dll
0x00007ff9c70e0000 - 0x00007ff9c70e9000 	C:\Program Files\Android\Android Studio\jbr\bin\extnet.dll
0x00007ff9e76e0000 - 0x00007ff9e76f8000 	C:\Windows\SYSTEM32\CRYPTSP.dll
0x00007ff9e6dc0000 - 0x00007ff9e6df8000 	C:\Windows\system32\rsaenh.dll
0x00007ff9e7d10000 - 0x00007ff9e7d3e000 	C:\Windows\SYSTEM32\USERENV.dll
0x00007ff9e7610000 - 0x00007ff9e761c000 	C:\Windows\SYSTEM32\CRYPTBASE.dll
0x00007ff9c8990000 - 0x00007ff9c8997000 	C:\Windows\system32\wshunix.dll
0x00007ff9e71c0000 - 0x00007ff9e728a000 	C:\Windows\SYSTEM32\DNSAPI.dll
0x00007ff9d6fc0000 - 0x00007ff9d6fca000 	C:\Windows\System32\rasadhlp.dll
0x00007ff9d82e0000 - 0x00007ff9d8360000 	C:\Windows\System32\fwpuclnt.dll

dbghelp: loaded successfully - version: 4.0.5 - missing functions: none
symbol engine: initialized successfully - sym options: 0x614 - pdb path: .;C:\Program Files\Android\Android Studio\jbr\bin;C:\Windows\SYSTEM32;C:\Windows\WinSxS\amd64_microsoft.windows.common-controls_6595b64144ccf1df_6.0.19041.5915_none_60b4b9d171f9c7c7;C:\Program Files\Android\Android Studio\jbr\bin\server;C:\Users\Robin Aluma\.gradle\native\1def1411415f61bf3af743bc5b6707747c0891f09f0c88961ee8f79bc544acac\windows-amd64;C:\Users\Robin Aluma\.gradle\native\0.2.7\x86_64-windows-gnu

VM Arguments:
jvm_args: --add-opens=java.base/java.lang=ALL-UNNAMED --add-opens=java.base/java.lang.invoke=ALL-UNNAMED --add-opens=java.base/java.util=ALL-UNNAMED --add-opens=java.prefs/java.util.prefs=ALL-UNNAMED --add-exports=jdk.compiler/com.sun.tools.javac.api=ALL-UNNAMED --add-exports=jdk.compiler/com.sun.tools.javac.util=ALL-UNNAMED --add-opens=java.base/java.util=ALL-UNNAMED --add-opens=java.prefs/java.util.prefs=ALL-UNNAMED --add-opens=java.base/java.nio.charset=ALL-UNNAMED --add-opens=java.base/java.net=ALL-UNNAMED --add-opens=java.base/java.util.concurrent.atomic=ALL-UNNAMED --add-opens=java.xml/javax.xml.namespace=ALL-UNNAMED -Xmx2048m -Dfile.encoding=UTF-8 -Duser.country=US -Duser.language=en -Duser.variant -javaagent:C:\Users\Robin Aluma\.gradle\wrapper\dists\gradle-8.13-bin\5xuhj0ry160q40clulazy9h7d\gradle-8.13\lib\agents\gradle-instrumentation-agent-8.13.jar 
java_command: org.gradle.launcher.daemon.bootstrap.GradleDaemon 8.13
java_class_path (initial): C:\Users\Robin Aluma\.gradle\wrapper\dists\gradle-8.13-bin\5xuhj0ry160q40clulazy9h7d\gradle-8.13\lib\gradle-daemon-main-8.13.jar
Launcher Type: SUN_STANDARD

[Global flags]
     intx CICompilerCount                          = 3                                         {product} {ergonomic}
     uint ConcGCThreads                            = 1                                         {product} {ergonomic}
     uint G1ConcRefinementThreads                  = 4                                         {product} {ergonomic}
   size_t G1HeapRegionSize                         = 1048576                                   {product} {ergonomic}
    uintx GCDrainStackTargetSize                   = 64                                        {product} {ergonomic}
   size_t InitialHeapSize                          = 134217728                                 {product} {ergonomic}
   size_t MarkStackSize                            = 4194304                                   {product} {ergonomic}
   size_t MaxHeapSize                              = 2147483648                                {product} {command line}
   size_t MaxNewSize                               = 1287651328                                {product} {ergonomic}
   size_t MinHeapDeltaBytes                        = 1048576                                   {product} {ergonomic}
   size_t MinHeapSize                              = 8388608                                   {product} {ergonomic}
    uintx NonNMethodCodeHeapSize                   = 5832780                                {pd product} {ergonomic}
    uintx NonProfiledCodeHeapSize                  = 122912730                              {pd product} {ergonomic}
    uintx ProfiledCodeHeapSize                     = 122912730                              {pd product} {ergonomic}
    uintx ReservedCodeCacheSize                    = 251658240                              {pd product} {ergonomic}
     bool SegmentedCodeCache                       = true                                      {product} {ergonomic}
   size_t SoftMaxHeapSize                          = 2147483648                             {manageable} {ergonomic}
     bool UseCompressedOops                        = true                           {product lp64_product} {ergonomic}
     bool UseG1GC                                  = true                                      {product} {ergonomic}
     bool UseLargePagesIndividualAllocation        = false                                  {pd product} {ergonomic}

Logging:
Log output configuration:
 #0: stdout all=warning uptime,level,tags foldmultilines=false
 #1: stderr all=off uptime,level,tags foldmultilines=false

Environment Variables:
PATH=C:\Python313\Scripts\;C:\Python313\;C:\Program Files\Common Files\Oracle\Java\javapath;C:\Windows\system32;C:\Windows;C:\Windows\System32\Wbem;C:\Windows\System32\WindowsPowerShell\v1.0\;C:\Windows\System32\OpenSSH\;C:\Program Files\Java\jdk-21\bin;C:\Program Files\MongoDB\Server\6.0\bin;C:\Program Files\Docker\Docker\resources\bin;%ANDROID_HOME%\cmdline-tools\latest\bin;%ANDROID_HOME%\platform-tools;%ANDROID_HOME%\emulator;C:\Program Files\Git\cmd;C:\Users\Robin Aluma\AppData\Local\Android\Sdk\platform-tools;C:\ProgramData\chocolatey\bin;C:\Users\Robin Aluma\AppData\Local\nvm;C:\Program Files\nodejs;C:\Program Files\nvm;C:\Program Files\nodejs;C:\Users\Robin Aluma\AppData\Local\Programs\Python\Python312\;C:\Users\Robin Aluma\AppData\Local\Programs\Python\Python312\Scripts\;C:\Users\Robin Aluma\AppData\Local\Programs\Python\Python312\;C:\Users\Robin Aluma\AppData\Local\Programs\Python\Launcher\;C:\Users\Robin Aluma\AppData\Local\Microsoft\WindowsApps;C:\Users\Robin Aluma\AppData\Local\Programs\Microsoft VS Code\bin;C:\Users\Robin Aluma\Anaconda3;C:\Users\Robin Aluma\Anaconda3\Scripts;C:\Users\Robin Aluma\Anaconda3\Library\bin;C:\Users\Robin Aluma\AppData\Roaming\npm;C:\Users\Robin Aluma\AppData\Local\nvm;C:\Program Files\nodejs
USERNAME=Robin Aluma
OS=Windows_NT
PROCESSOR_IDENTIFIER=Intel64 Family 6 Model 69 Stepping 1, GenuineIntel
TMP=C:\Users\ROBINA~1\AppData\Local\Temp
TEMP=C:\Users\ROBINA~1\AppData\Local\Temp




Periodic native trim disabled

JNI global refs:
JNI global refs: 27, weak refs: 0

JNI global refs memory usage: 835, weak refs: 833

Process memory usage:
Resident Set Size: 425384K (5% of 8257644K total physical memory with 735840K free physical memory)

OOME stack traces (most recent first):
Classloader memory used:
Loader org.gradle.internal.classloader.VisitableURLClassLoader                         : 53589K
Loader bootstrap                                                                       : 28478K
Loader org.gradle.initialization.MixInLegacyTypesClassLoader                           : 10857K
Loader org.gradle.internal.classloader.VisitableURLClassLoader                         : 949K
Loader jdk.internal.loader.ClassLoaders$PlatformClassLoader                            : 777K
Loader org.gradle.internal.classloader.VisitableURLClassLoader$InstrumentingVisitableURLClassLoader: 741K
Loader jdk.internal.reflect.DelegatingClassLoader                                      : 270K
Loader jdk.internal.loader.ClassLoaders$AppClassLoader                                 : 235K
Loader org.gradle.groovy.scripts.internal.DefaultScriptCompilationHandler$ScriptClassLoader: 88464B
Loader org.codehaus.groovy.runtime.callsite.CallSiteClassLoader                        : 49592B

Classes loaded by more than one classloader:
Class org.gradle.api.GradleException                                                  : loaded 3 times (x 78B)
Class Program                                                                         : loaded 3 times (x 68B)
Class org.gradle.internal.classloader.ClassLoaderHierarchy                            : loaded 2 times (x 66B)
Class org.gradle.api.internal.classpath.ManifestUtil                                  : loaded 2 times (x 67B)
Class org.jetbrains.plugins.gradle.model.GradleExtensions                             : loaded 2 times (x 66B)
Class org.jetbrains.plugins.gradle.model.AnnotationProcessingModel                    : loaded 2 times (x 66B)
Class org.gradle.internal.operations.MultipleBuildOperationFailures                   : loaded 2 times (x 91B)
Class org.jetbrains.kotlin.idea.gradleTooling.model.noarg.NoArgModel                  : loaded 2 times (x 66B)
Class org.gradle.internal.classloader.DefaultClassLoaderFactory                       : loaded 2 times (x 78B)
Class kotlin.collections.AbstractList$Companion                                       : loaded 2 times (x 67B)
Class org.gradle.internal.classloader.ClassLoaderVisitor                              : loaded 2 times (x 72B)
Class org.gradle.api.internal.classpath.EffectiveClassPath                            : loaded 2 times (x 86B)
Class org.gradle.tooling.internal.gradle.DefaultProjectIdentifier                     : loaded 2 times (x 82B)
Class org.jetbrains.kotlin.idea.gradleTooling.model.allopen.AllOpenModel              : loaded 2 times (x 66B)
Class org.gradle.api.internal.DefaultClassPathProvider                                : loaded 2 times (x 72B)
Class [Lorg.gradle.api.internal.ClassPathProvider;                                    : loaded 2 times (x 65B)
Class org.gradle.api.internal.ClassPathProvider                                       : loaded 2 times (x 66B)
Class org.gradle.internal.service.UnknownServiceException                             : loaded 2 times (x 79B)
Class org.jetbrains.kotlin.idea.gradleTooling.KotlinDslScriptAdditionalTask           : loaded 2 times (x 66B)
Class org.gradle.internal.classpath.TransformedClassPath                              : loaded 2 times (x 92B)
Class org.gradle.internal.classloader.InstrumentingClassLoader                        : loaded 2 times (x 66B)
Class kotlin.enums.EnumEntriesList                                                    : loaded 2 times (x 219B)
Class org.gradle.internal.classloader.FilteringClassLoader                            : loaded 2 times (x 101B)
Class org.jetbrains.plugins.gradle.model.IntelliJSettings                             : loaded 2 times (x 66B)
Class org.gradle.internal.service.ServiceLocator                                      : loaded 2 times (x 66B)
Class org.jetbrains.kotlin.android.synthetic.idea.AndroidExtensionsGradleModel        : loaded 2 times (x 66B)
Class org.gradle.tooling.model.UnsupportedMethodException                             : loaded 2 times (x 78B)
Class com.intellij.compose.ide.plugin.gradleTooling.rt.ComposeResourcesModel          : loaded 2 times (x 66B)
Class org.gradle.internal.InternalTransformer                                         : loaded 2 times (x 66B)
Class org.gradle.internal.time.DefaultTimer                                           : loaded 2 times (x 76B)
Class org.gradle.internal.classloader.ClasspathUtil$1                                 : loaded 2 times (x 72B)
Class org.gradle.api.internal.classpath.DefaultModuleRegistry$DefaultModule           : loaded 2 times (x 82B)
Class org.jetbrains.kotlin.idea.gradleTooling.model.lombok.LombokModel                : loaded 2 times (x 66B)
Class org.gradle.internal.time.DefaultCountdownTimer                                  : loaded 2 times (x 84B)
Class org.gradle.tooling.internal.gradle.DefaultBuildIdentifier                       : loaded 2 times (x 75B)
Class kotlin.Function                                                                 : loaded 2 times (x 66B)
Class org.gradle.api.internal.classpath.Module                                        : loaded 2 times (x 66B)
Class org.gradle.api.internal.classpath.UnknownModuleException                        : loaded 2 times (x 78B)
Class com.intellij.openapi.externalSystem.model.project.dependencies.ProjectDependencies: loaded 2 times (x 66B)
Class org.gradle.tooling.internal.gradle.GradleProjectIdentity                        : loaded 2 times (x 66B)
Class org.gradle.api.internal.DefaultClassPathRegistry                                : loaded 2 times (x 72B)
Class org.gradle.api.internal.ClassPathRegistry                                       : loaded 2 times (x 66B)
Class org.gradle.internal.classpath.DefaultClassPath$ImmutableUniqueList              : loaded 2 times (x 195B)
Class org.jetbrains.kotlin.idea.gradleTooling.KotlinSourceSetContainer                : loaded 2 times (x 66B)
Class Settings_gradle$1                                                               : loaded 2 times (x 70B)
Class org.gradle.internal.classpath.ClassPath                                         : loaded 2 times (x 66B)
Class org.gradle.api.UncheckedIOException                                             : loaded 2 times (x 78B)
Class org.jetbrains.kotlin.idea.gradleTooling.KotlinGradleModel                       : loaded 2 times (x 66B)
Class org.gradle.tooling.model.Model                                                  : loaded 2 times (x 66B)
Class kotlin.UninitializedPropertyAccessException                                     : loaded 2 times (x 78B)
Class org.jetbrains.kotlin.idea.gradleTooling.model.annotation.AnnotationBasedPluginModel: loaded 2 times (x 66B)
Class org.jetbrains.plugins.gradle.model.IntelliJProjectSettings                      : loaded 2 times (x 66B)
Class org.gradle.internal.installation.GradleInstallation$1                           : loaded 2 times (x 71B)
Class org.gradle.api.internal.classpath.ModuleRegistry                                : loaded 2 times (x 66B)
Class org.jetbrains.plugins.gradle.model.VersionCatalogsModel                         : loaded 2 times (x 66B)
Class org.gradle.api.internal.classpath.DefaultModuleRegistry                         : loaded 2 times (x 82B)
Class sync_studio_tooling12473_2n2x1p4wfrxipr40bmsh80ue0                              : loaded 2 times (x 175B)
Class org.gradle.internal.time.MonotonicClock                                         : loaded 2 times (x 73B)
Class org.gradle.internal.service.ServiceLookupException                              : loaded 2 times (x 78B)
Class org.gradle.internal.classloader.ClassLoaderFactory                              : loaded 2 times (x 66B)
Class org.gradle.internal.service.CachingServiceLocator                               : loaded 2 times (x 78B)
Class org.jetbrains.plugins.gradle.model.RepositoryModels                             : loaded 2 times (x 66B)
Class org.gradle.internal.time.TimeSource                                             : loaded 2 times (x 66B)
Class org.gradle.tooling.internal.gradle.GradleBuildIdentity                          : loaded 2 times (x 66B)
Class kotlin.enums.EnumEntries                                                        : loaded 2 times (x 66B)
Class org.gradle.internal.exceptions.ResolutionProvider                               : loaded 2 times (x 66B)
Class org.gradle.tooling.model.ProjectIdentifier                                      : loaded 2 times (x 66B)
Class org.gradle.internal.classloader.ClasspathUtil                                   : loaded 2 times (x 67B)
Class org.gradle.internal.time.TimeSource$1                                           : loaded 2 times (x 73B)
Class kotlin.jvm.internal.DefaultConstructorMarker                                    : loaded 2 times (x 67B)
Class org.gradle.api.specs.Spec                                                       : loaded 2 times (x 66B)
Class org.gradle.internal.time.Clock                                                  : loaded 2 times (x 66B)
Class kotlin.collections.AbstractList                                                 : loaded 2 times (x 193B)
Class kotlin.collections.AbstractCollection                                           : loaded 2 times (x 113B)
Class org.gradle.internal.classloader.VisitableURLClassLoader$InstrumentingVisitableURLClassLoader: loaded 2 times (x 119B)
Class org.gradle.internal.classloader.VisitableURLClassLoader$Spec                    : loaded 2 times (x 70B)
Class org.gradle.internal.classpath.DefaultClassPath                                  : loaded 2 times (x 86B)
Class org.gradle.internal.classloader.ClassLoaderSpec                                 : loaded 2 times (x 67B)
Class Settings_gradle$1$1                                                             : loaded 2 times (x 70B)
Class kotlin.Unit                                                                     : loaded 2 times (x 67B)
Class org.gradle.internal.classloader.VisitableURLClassLoader                         : loaded 2 times (x 113B)
Class Settings_gradle                                                                 : loaded 2 times (x 124B)
Class ijInit19_9cyg8zqwjzp264t7lu5669p85                                              : loaded 2 times (x 175B)
Class org.gradle.internal.Cast                                                        : loaded 2 times (x 67B)
Class org.gradle.api.Action                                                           : loaded 2 times (x 66B)
Class kotlin.jvm.functions.Function1                                                  : loaded 2 times (x 66B)
Class org.gradle.internal.classpath.DefaultClassPath$ImmutableUniqueList$Builder      : loaded 2 times (x 71B)
Class org.jetbrains.kotlin.idea.gradleTooling.model.samWithReceiver.SamWithReceiverModel: loaded 2 times (x 66B)
Class kotlin.NotImplementedError                                                      : loaded 2 times (x 78B)
Class org.gradle.internal.exceptions.NonGradleCauseExceptionsHolder                   : loaded 2 times (x 66B)
Class org.jetbrains.plugins.gradle.tooling.ModelBuilderService$Parameter              : loaded 2 times (x 66B)
Class org.jetbrains.kotlin.idea.gradleTooling.model.assignment.AssignmentModel        : loaded 2 times (x 66B)
Class kotlin.enums.EnumEntriesKt                                                      : loaded 2 times (x 67B)
Class org.gradle.internal.IoActions                                                   : loaded 2 times (x 67B)
Class org.gradle.internal.classloader.SystemClassLoaderSpec                           : loaded 2 times (x 67B)
Class org.gradle.internal.exceptions.MultiCauseException                              : loaded 2 times (x 66B)
Class org.gradle.internal.time.CountdownTimer                                         : loaded 2 times (x 66B)
Class kotlin.jvm.internal.Intrinsics                                                  : loaded 2 times (x 67B)
Class org.jetbrains.kotlin.idea.gradleTooling.model.parcelize.ParcelizeGradleModel    : loaded 2 times (x 66B)
Class org.gradle.tooling.model.ProjectModel                                           : loaded 2 times (x 66B)
Class kotlin.KotlinNullPointerException                                               : loaded 2 times (x 79B)
Class org.jetbrains.plugins.gradle.model.tests.ExternalTestsModel                     : loaded 2 times (x 66B)
Class org.gradle.internal.exceptions.DefaultMultiCauseException                       : loaded 2 times (x 91B)
Class org.gradle.internal.time.Time                                                   : loaded 2 times (x 67B)
Class org.jetbrains.plugins.gradle.model.DependencyAccessorsModel                     : loaded 2 times (x 66B)
Class org.gradle.api.internal.classpath.GlobalCacheRootsProvider                      : loaded 2 times (x 66B)
Class org.jetbrains.kotlin.idea.gradleTooling.KotlinMPPGradleModel                    : loaded 2 times (x 66B)
Class org.gradle.tooling.model.BuildIdentifier                                        : loaded 2 times (x 66B)
Class org.jetbrains.kotlin.idea.gradleTooling.PrepareKotlinIdeImportTaskModel         : loaded 2 times (x 66B)
Class org.gradle.internal.time.Timer                                                  : loaded 2 times (x 66B)
Class kotlin.jvm.internal.markers.KMappedMarker                                       : loaded 2 times (x 66B)
Class org.gradle.internal.installation.CurrentGradleInstallationLocator               : loaded 2 times (x 67B)
Class org.gradle.internal.service.DefaultServiceLocator                               : loaded 2 times (x 79B)
Class org.gradle.util.GradleVersion                                                   : loaded 2 times (x 75B)
Class org.gradle.internal.installation.CurrentGradleInstallation                      : loaded 2 times (x 69B)
Class org.jetbrains.plugins.gradle.javaModel.JavaGradleManifestModel                  : loaded 2 times (x 66B)
Class org.gradle.util.internal.GUtil                                                  : loaded 2 times (x 67B)
Class org.gradle.internal.installation.GradleInstallation                             : loaded 2 times (x 71B)

---------------  S Y S T E M  ---------------

OS:
 Windows 10 , 64 bit Build 19041 (10.0.19041.5915)
OS uptime: 0 days 17:46 hours
Hyper-V role detected

CPU: total 4 (initial active 4) (2 cores per cpu, 2 threads per core) family 6 model 69 stepping 1 microcode 0x26, cx8, cmov, fxsr, ht, mmx, sse, sse2, sse3, ssse3, sse4.1, sse4.2, popcnt, lzcnt, tsc, tscinvbit, avx, avx2, aes, erms, clmul, bmi1, bmi2, fma, vzeroupper, clflush, hv, rdtscp, f16c
Processor Information for the first 4 processors :
  Max Mhz: 2401, Current Mhz: 2401, Mhz Limit: 2401

Memory: 4k page, system-wide physical 8064M (718M free)
TotalPageFile size 10112M (AvailPageFile size 14M)
current process WorkingSet (physical memory assigned to process): 415M, peak: 418M
current process commit charge ("private bytes"): 442M, peak: 455M

vm_info: OpenJDK 64-Bit Server VM (21.0.6+-13391695-b895.109) for windows-amd64 JRE (21.0.6+-13391695-b895.109), built on 2025-04-22T21:19:17Z by "builder" with MS VC++ 16.10 / 16.11 (VS2019)

END.
